2006.12.18 10:57 B C:\Program Files\EasyPHP1-8\www\southfraserden\tinymce\jscripts\tiny_mce\plugins\table\cell.htm --> www.southfraserden.com /public_html/tinymce/jscripts/tiny_mce/plugins/table cell.htm
2006.12.18 10:57 B C:\Program Files\EasyPHP1-8\www\southfraserden\tinymce\jscripts\tiny_mce\plugins\table\editor_plugin.js --> www.southfraserden.com /public_html/tinymce/jscripts/tiny_mce/plugins/table editor_plugin.js
2006.12.18 10:57 B C:\Program Files\EasyPHP1-8\www\southfraserden\tinymce\jscripts\tiny_mce\plugins\table\editor_plugin_src.js --> www.southfraserden.com /public_html/tinymce/jscripts/tiny_mce/plugins/table editor_plugin_src.js
2006.12.18 10:57 B C:\Program Files\EasyPHP1-8\www\southfraserden\tinymce\jscripts\tiny_mce\plugins\table\merge_cells.htm --> www.southfraserden.com /public_html/tinymce/jscripts/tiny_mce/plugins/table merge_cells.htm
2006.12.18 10:57 B C:\Program Files\EasyPHP1-8\www\southfraserden\tinymce\jscripts\tiny_mce\plugins\table\readme.txt --> www.southfraserden.com /public_html/tinymce/jscripts/tiny_mce/plugins/table readme.txt
2006.12.18 10:57 B C:\Program Files\EasyPHP1-8\www\southfraserden\tinymce\jscripts\tiny_mce\plugins\table\row.htm --> www.southfraserden.com /public_html/tinymce/jscripts/tiny_mce/plugins/table row.htm
2006.12.18 10:57 B C:\Program Files\EasyPHP1-8\www\southfraserden\tinymce\jscripts\tiny_mce\plugins\table\table.htm --> www.southfraserden.com /public_html/tinymce/jscripts/tiny_mce/plugins/table table.htm
2006.12.26 21:50 B C:\Program Files\EasyPHP1-8\www\newtsawwssen1\admin\tinymce\jscripts\tiny_mce\plugins\table\WS_FTP.LOG --> tbblions.ca /public_html/newsite/admin/tinymce/jscripts/tiny_mce/plugins/table WS_FTP.LOG
2007.07.20 19:20 B C:\Program Files\EasyPHP1-8\www\childsite\admin\tinymce\jscripts\tiny_mce\plugins\table\WS_FTP.LOG --> www.yourdemosite.org /public_html/child/admin/tinymce/jscripts/tiny_mce/plugins/table WS_FTP.LOG
2007.07.20 19:20 B C:\Program Files\EasyPHP1-8\www\childsite\admin\tinymce\jscripts\tiny_mce\plugins\table\editor_plugin_src.js --> www.yourdemosite.org /public_html/child/admin/tinymce/jscripts/tiny_mce/plugins/table editor_plugin_src.js
2007.07.20 19:20 B C:\Program Files\EasyPHP1-8\www\childsite\admin\tinymce\jscripts\tiny_mce\plugins\table\editor_plugin.js --> www.yourdemosite.org /public_html/child/admin/tinymce/jscripts/tiny_mce/plugins/table editor_plugin.js
2007.07.20 19:20 B C:\Program Files\EasyPHP1-8\www\childsite\admin\tinymce\jscripts\tiny_mce\plugins\table\table.htm --> www.yourdemosite.org /public_html/child/admin/tinymce/jscripts/tiny_mce/plugins/table table.htm
2007.07.20 19:20 B C:\Program Files\EasyPHP1-8\www\childsite\admin\tinymce\jscripts\tiny_mce\plugins\table\merge_cells.htm --> www.yourdemosite.org /public_html/child/admin/tinymce/jscripts/tiny_mce/plugins/table merge_cells.htm
2007.07.20 19:20 B C:\Program Files\EasyPHP1-8\www\childsite\admin\tinymce\jscripts\tiny_mce\plugins\table\row.htm --> www.yourdemosite.org /public_html/child/admin/tinymce/jscripts/tiny_mce/plugins/table row.htm
2007.07.20 19:20 B C:\Program Files\EasyPHP1-8\www\childsite\admin\tinymce\jscripts\tiny_mce\plugins\table\readme.txt --> www.yourdemosite.org /public_html/child/admin/tinymce/jscripts/tiny_mce/plugins/table readme.txt
2007.07.20 19:20 B C:\Program Files\EasyPHP1-8\www\childsite\admin\tinymce\jscripts\tiny_mce\plugins\table\cell.htm --> www.yourdemosite.org /public_html/child/admin/tinymce/jscripts/tiny_mce/plugins/table cell.htm
2007.07.21 11:49 B C:\Program Files\EasyPHP1-8\www\childsite\admin\tinymce\jscripts\tiny_mce\plugins\table\WS_FTP.LOG --> 69.64.32.73 /httpdocs/test/admin/tinymce/jscripts/tiny_mce/plugins/table WS_FTP.LOG
2007.07.21 12:44 B C:\Program Files\EasyPHP1-8\www\pontdu\admin\tinymce\jscripts\tiny_mce\plugins\table\WS_FTP.LOG --> yourdemosite.org /www/pontdu/admin/tinymce/jscripts/tiny_mce/plugins/table WS_FTP.LOG
2007.07.21 13:28 B C:\Program Files\EasyPHP1-8\www\pontdu\admin\tinymce\jscripts\tiny_mce\plugins\table\WS_FTP.LOG --> pontducommerce.com /admin/tinymce/jscripts/tiny_mce/plugins/table WS_FTP.LOG
2007.07.21 14:13 B C:\Program Files\EasyPHP1-8\www\pontdu\admin\tinymce\jscripts\tiny_mce\plugins\table\cell.htm --> pontducommerce.com /pontdu-french/admin/tinymce/jscripts/tiny_mce/plugins/table cell.htm
2007.07.21 14:13 B C:\Program Files\EasyPHP1-8\www\pontdu\admin\tinymce\jscripts\tiny_mce\plugins\table\editor_plugin.js --> pontducommerce.com /pontdu-french/admin/tinymce/jscripts/tiny_mce/plugins/table editor_plugin.js
2007.07.21 14:13 B C:\Program Files\EasyPHP1-8\www\pontdu\admin\tinymce\jscripts\tiny_mce\plugins\table\editor_plugin_src.js --> pontducommerce.com /pontdu-french/admin/tinymce/jscripts/tiny_mce/plugins/table editor_plugin_src.js
2007.07.21 14:13 B C:\Program Files\EasyPHP1-8\www\pontdu\admin\tinymce\jscripts\tiny_mce\plugins\table\merge_cells.htm --> pontducommerce.com /pontdu-french/admin/tinymce/jscripts/tiny_mce/plugins/table merge_cells.htm
2007.07.21 14:13 B C:\Program Files\EasyPHP1-8\www\pontdu\admin\tinymce\jscripts\tiny_mce\plugins\table\readme.txt --> pontducommerce.com /pontdu-french/admin/tinymce/jscripts/tiny_mce/plugins/table readme.txt
2007.07.21 14:13 B C:\Program Files\EasyPHP1-8\www\pontdu\admin\tinymce\jscripts\tiny_mce\plugins\table\row.htm --> pontducommerce.com /pontdu-french/admin/tinymce/jscripts/tiny_mce/plugins/table row.htm
2007.07.21 14:13 B C:\Program Files\EasyPHP1-8\www\pontdu\admin\tinymce\jscripts\tiny_mce\plugins\table\table.htm --> pontducommerce.com /pontdu-french/admin/tinymce/jscripts/tiny_mce/plugins/table table.htm
2007.07.21 14:13 B C:\Program Files\EasyPHP1-8\www\pontdu\admin\tinymce\jscripts\tiny_mce\plugins\table\WS_FTP.LOG --> pontducommerce.com /pontdu-french/admin/tinymce/jscripts/tiny_mce/plugins/table WS_FTP.LOG
