2006.12.18 10:56 B C:\Program Files\EasyPHP1-8\www\southfraserden\tinymce\jscripts\tiny_mce\plugins\table\images\buttons.gif --> www.southfraserden.com /public_html/tinymce/jscripts/tiny_mce/plugins/table/images buttons.gif
2006.12.18 10:56 B C:\Program Files\EasyPHP1-8\www\southfraserden\tinymce\jscripts\tiny_mce\plugins\table\images\table.gif --> www.southfraserden.com /public_html/tinymce/jscripts/tiny_mce/plugins/table/images table.gif
2006.12.18 10:56 B C:\Program Files\EasyPHP1-8\www\southfraserden\tinymce\jscripts\tiny_mce\plugins\table\images\table_cell_props.gif --> www.southfraserden.com /public_html/tinymce/jscripts/tiny_mce/plugins/table/images table_cell_props.gif
2006.12.18 10:56 B C:\Program Files\EasyPHP1-8\www\southfraserden\tinymce\jscripts\tiny_mce\plugins\table\images\table_delete.gif --> www.southfraserden.com /public_html/tinymce/jscripts/tiny_mce/plugins/table/images table_delete.gif
2006.12.18 10:56 B C:\Program Files\EasyPHP1-8\www\southfraserden\tinymce\jscripts\tiny_mce\plugins\table\images\table_delete_col.gif --> www.southfraserden.com /public_html/tinymce/jscripts/tiny_mce/plugins/table/images table_delete_col.gif
2006.12.18 10:56 B C:\Program Files\EasyPHP1-8\www\southfraserden\tinymce\jscripts\tiny_mce\plugins\table\images\table_delete_row.gif --> www.southfraserden.com /public_html/tinymce/jscripts/tiny_mce/plugins/table/images table_delete_row.gif
2006.12.18 10:56 B C:\Program Files\EasyPHP1-8\www\southfraserden\tinymce\jscripts\tiny_mce\plugins\table\images\table_insert_col_after.gif --> www.southfraserden.com /public_html/tinymce/jscripts/tiny_mce/plugins/table/images table_insert_col_after.gif
2006.12.18 10:56 B C:\Program Files\EasyPHP1-8\www\southfraserden\tinymce\jscripts\tiny_mce\plugins\table\images\table_insert_col_before.gif --> www.southfraserden.com /public_html/tinymce/jscripts/tiny_mce/plugins/table/images table_insert_col_before.gif
2006.12.18 10:56 B C:\Program Files\EasyPHP1-8\www\southfraserden\tinymce\jscripts\tiny_mce\plugins\table\images\table_insert_row_after.gif --> www.southfraserden.com /public_html/tinymce/jscripts/tiny_mce/plugins/table/images table_insert_row_after.gif
2006.12.18 10:56 B C:\Program Files\EasyPHP1-8\www\southfraserden\tinymce\jscripts\tiny_mce\plugins\table\images\table_insert_row_before.gif --> www.southfraserden.com /public_html/tinymce/jscripts/tiny_mce/plugins/table/images table_insert_row_before.gif
2006.12.18 10:56 B C:\Program Files\EasyPHP1-8\www\southfraserden\tinymce\jscripts\tiny_mce\plugins\table\images\table_merge_cells.gif --> www.southfraserden.com /public_html/tinymce/jscripts/tiny_mce/plugins/table/images table_merge_cells.gif
2006.12.18 10:56 B C:\Program Files\EasyPHP1-8\www\southfraserden\tinymce\jscripts\tiny_mce\plugins\table\images\table_row_props.gif --> www.southfraserden.com /public_html/tinymce/jscripts/tiny_mce/plugins/table/images table_row_props.gif
2006.12.18 10:56 B C:\Program Files\EasyPHP1-8\www\southfraserden\tinymce\jscripts\tiny_mce\plugins\table\images\table_split_cells.gif --> www.southfraserden.com /public_html/tinymce/jscripts/tiny_mce/plugins/table/images table_split_cells.gif
2007.07.20 19:19 B C:\Program Files\EasyPHP1-8\www\childsite\admin\tinymce\jscripts\tiny_mce\plugins\table\images\WS_FTP.LOG --> www.yourdemosite.org /public_html/child/admin/tinymce/jscripts/tiny_mce/plugins/table/images WS_FTP.LOG
2007.07.20 19:19 B C:\Program Files\EasyPHP1-8\www\childsite\admin\tinymce\jscripts\tiny_mce\plugins\table\images\buttons.gif --> www.yourdemosite.org /public_html/child/admin/tinymce/jscripts/tiny_mce/plugins/table/images buttons.gif
2007.07.20 19:19 B C:\Program Files\EasyPHP1-8\www\childsite\admin\tinymce\jscripts\tiny_mce\plugins\table\images\table_split_cells.gif --> www.yourdemosite.org /public_html/child/admin/tinymce/jscripts/tiny_mce/plugins/table/images table_split_cells.gif
2007.07.20 19:19 B C:\Program Files\EasyPHP1-8\www\childsite\admin\tinymce\jscripts\tiny_mce\plugins\table\images\table_row_props.gif --> www.yourdemosite.org /public_html/child/admin/tinymce/jscripts/tiny_mce/plugins/table/images table_row_props.gif
2007.07.20 19:19 B C:\Program Files\EasyPHP1-8\www\childsite\admin\tinymce\jscripts\tiny_mce\plugins\table\images\table_merge_cells.gif --> www.yourdemosite.org /public_html/child/admin/tinymce/jscripts/tiny_mce/plugins/table/images table_merge_cells.gif
2007.07.20 19:20 B C:\Program Files\EasyPHP1-8\www\childsite\admin\tinymce\jscripts\tiny_mce\plugins\table\images\table_insert_row_before.gif --> www.yourdemosite.org /public_html/child/admin/tinymce/jscripts/tiny_mce/plugins/table/images table_insert_row_before.gif
2007.07.20 19:20 B C:\Program Files\EasyPHP1-8\www\childsite\admin\tinymce\jscripts\tiny_mce\plugins\table\images\table_insert_row_after.gif --> www.yourdemosite.org /public_html/child/admin/tinymce/jscripts/tiny_mce/plugins/table/images table_insert_row_after.gif
2007.07.20 19:20 B C:\Program Files\EasyPHP1-8\www\childsite\admin\tinymce\jscripts\tiny_mce\plugins\table\images\table_insert_col_before.gif --> www.yourdemosite.org /public_html/child/admin/tinymce/jscripts/tiny_mce/plugins/table/images table_insert_col_before.gif
2007.07.20 19:20 B C:\Program Files\EasyPHP1-8\www\childsite\admin\tinymce\jscripts\tiny_mce\plugins\table\images\table_insert_col_after.gif --> www.yourdemosite.org /public_html/child/admin/tinymce/jscripts/tiny_mce/plugins/table/images table_insert_col_after.gif
2007.07.20 19:20 B C:\Program Files\EasyPHP1-8\www\childsite\admin\tinymce\jscripts\tiny_mce\plugins\table\images\table_delete_row.gif --> www.yourdemosite.org /public_html/child/admin/tinymce/jscripts/tiny_mce/plugins/table/images table_delete_row.gif
2007.07.20 19:20 B C:\Program Files\EasyPHP1-8\www\childsite\admin\tinymce\jscripts\tiny_mce\plugins\table\images\table_delete_col.gif --> www.yourdemosite.org /public_html/child/admin/tinymce/jscripts/tiny_mce/plugins/table/images table_delete_col.gif
2007.07.20 19:20 B C:\Program Files\EasyPHP1-8\www\childsite\admin\tinymce\jscripts\tiny_mce\plugins\table\images\table_delete.gif --> www.yourdemosite.org /public_html/child/admin/tinymce/jscripts/tiny_mce/plugins/table/images table_delete.gif
2007.07.20 19:20 B C:\Program Files\EasyPHP1-8\www\childsite\admin\tinymce\jscripts\tiny_mce\plugins\table\images\table_cell_props.gif --> www.yourdemosite.org /public_html/child/admin/tinymce/jscripts/tiny_mce/plugins/table/images table_cell_props.gif
2007.07.20 19:20 B C:\Program Files\EasyPHP1-8\www\childsite\admin\tinymce\jscripts\tiny_mce\plugins\table\images\table.gif --> www.yourdemosite.org /public_html/child/admin/tinymce/jscripts/tiny_mce/plugins/table/images table.gif
2007.07.21 11:48 B C:\Program Files\EasyPHP1-8\www\childsite\admin\tinymce\jscripts\tiny_mce\plugins\table\images\WS_FTP.LOG --> 69.64.32.73 /httpdocs/test/admin/tinymce/jscripts/tiny_mce/plugins/table/images WS_FTP.LOG
2007.07.21 12:44 B C:\Program Files\EasyPHP1-8\www\pontdu\admin\tinymce\jscripts\tiny_mce\plugins\table\images\WS_FTP.LOG --> yourdemosite.org /www/pontdu/admin/tinymce/jscripts/tiny_mce/plugins/table/images WS_FTP.LOG
2007.07.21 13:28 B C:\Program Files\EasyPHP1-8\www\pontdu\admin\tinymce\jscripts\tiny_mce\plugins\table\images\WS_FTP.LOG --> pontducommerce.com /admin/tinymce/jscripts/tiny_mce/plugins/table/images WS_FTP.LOG
2007.07.21 14:12 B C:\Program Files\EasyPHP1-8\www\pontdu\admin\tinymce\jscripts\tiny_mce\plugins\table\images\buttons.gif --> pontducommerce.com /pontdu-french/admin/tinymce/jscripts/tiny_mce/plugins/table/images buttons.gif
2007.07.21 14:12 B C:\Program Files\EasyPHP1-8\www\pontdu\admin\tinymce\jscripts\tiny_mce\plugins\table\images\table.gif --> pontducommerce.com /pontdu-french/admin/tinymce/jscripts/tiny_mce/plugins/table/images table.gif
2007.07.21 14:12 B C:\Program Files\EasyPHP1-8\www\pontdu\admin\tinymce\jscripts\tiny_mce\plugins\table\images\table_cell_props.gif --> pontducommerce.com /pontdu-french/admin/tinymce/jscripts/tiny_mce/plugins/table/images table_cell_props.gif
2007.07.21 14:12 B C:\Program Files\EasyPHP1-8\www\pontdu\admin\tinymce\jscripts\tiny_mce\plugins\table\images\table_delete.gif --> pontducommerce.com /pontdu-french/admin/tinymce/jscripts/tiny_mce/plugins/table/images table_delete.gif
2007.07.21 14:12 B C:\Program Files\EasyPHP1-8\www\pontdu\admin\tinymce\jscripts\tiny_mce\plugins\table\images\table_delete_col.gif --> pontducommerce.com /pontdu-french/admin/tinymce/jscripts/tiny_mce/plugins/table/images table_delete_col.gif
2007.07.21 14:12 B C:\Program Files\EasyPHP1-8\www\pontdu\admin\tinymce\jscripts\tiny_mce\plugins\table\images\table_delete_row.gif --> pontducommerce.com /pontdu-french/admin/tinymce/jscripts/tiny_mce/plugins/table/images table_delete_row.gif
2007.07.21 14:12 B C:\Program Files\EasyPHP1-8\www\pontdu\admin\tinymce\jscripts\tiny_mce\plugins\table\images\table_insert_col_after.gif --> pontducommerce.com /pontdu-french/admin/tinymce/jscripts/tiny_mce/plugins/table/images table_insert_col_after.gif
2007.07.21 14:12 B C:\Program Files\EasyPHP1-8\www\pontdu\admin\tinymce\jscripts\tiny_mce\plugins\table\images\table_insert_col_before.gif --> pontducommerce.com /pontdu-french/admin/tinymce/jscripts/tiny_mce/plugins/table/images table_insert_col_before.gif
2007.07.21 14:12 B C:\Program Files\EasyPHP1-8\www\pontdu\admin\tinymce\jscripts\tiny_mce\plugins\table\images\table_insert_row_after.gif --> pontducommerce.com /pontdu-french/admin/tinymce/jscripts/tiny_mce/plugins/table/images table_insert_row_after.gif
2007.07.21 14:12 B C:\Program Files\EasyPHP1-8\www\pontdu\admin\tinymce\jscripts\tiny_mce\plugins\table\images\table_insert_row_before.gif --> pontducommerce.com /pontdu-french/admin/tinymce/jscripts/tiny_mce/plugins/table/images table_insert_row_before.gif
2007.07.21 14:12 B C:\Program Files\EasyPHP1-8\www\pontdu\admin\tinymce\jscripts\tiny_mce\plugins\table\images\table_merge_cells.gif --> pontducommerce.com /pontdu-french/admin/tinymce/jscripts/tiny_mce/plugins/table/images table_merge_cells.gif
2007.07.21 14:12 B C:\Program Files\EasyPHP1-8\www\pontdu\admin\tinymce\jscripts\tiny_mce\plugins\table\images\table_row_props.gif --> pontducommerce.com /pontdu-french/admin/tinymce/jscripts/tiny_mce/plugins/table/images table_row_props.gif
2007.07.21 14:12 B C:\Program Files\EasyPHP1-8\www\pontdu\admin\tinymce\jscripts\tiny_mce\plugins\table\images\table_split_cells.gif --> pontducommerce.com /pontdu-french/admin/tinymce/jscripts/tiny_mce/plugins/table/images table_split_cells.gif
2007.07.21 14:12 B C:\Program Files\EasyPHP1-8\www\pontdu\admin\tinymce\jscripts\tiny_mce\plugins\table\images\WS_FTP.LOG --> pontducommerce.com /pontdu-french/admin/tinymce/jscripts/tiny_mce/plugins/table/images WS_FTP.LOG
