2006.12.18 11:01 B C:\Program Files\EasyPHP1-8\www\southfraserden\tinymce\jscripts\tiny_mce\themes\advanced\images\xp\tab_bg.gif --> www.southfraserden.com /public_html/tinymce/jscripts/tiny_mce/themes/advanced/images/xp tab_bg.gif
2006.12.18 11:01 B C:\Program Files\EasyPHP1-8\www\southfraserden\tinymce\jscripts\tiny_mce\themes\advanced\images\xp\tab_end.gif --> www.southfraserden.com /public_html/tinymce/jscripts/tiny_mce/themes/advanced/images/xp tab_end.gif
2006.12.18 11:01 B C:\Program Files\EasyPHP1-8\www\southfraserden\tinymce\jscripts\tiny_mce\themes\advanced\images\xp\tab_sel_bg.gif --> www.southfraserden.com /public_html/tinymce/jscripts/tiny_mce/themes/advanced/images/xp tab_sel_bg.gif
2006.12.18 11:01 B C:\Program Files\EasyPHP1-8\www\southfraserden\tinymce\jscripts\tiny_mce\themes\advanced\images\xp\tab_sel_end.gif --> www.southfraserden.com /public_html/tinymce/jscripts/tiny_mce/themes/advanced/images/xp tab_sel_end.gif
2006.12.18 11:01 B C:\Program Files\EasyPHP1-8\www\southfraserden\tinymce\jscripts\tiny_mce\themes\advanced\images\xp\tabs_bg.gif --> www.southfraserden.com /public_html/tinymce/jscripts/tiny_mce/themes/advanced/images/xp tabs_bg.gif
2006.12.18 11:01 B C:\Program Files\EasyPHP1-8\www\southfraserden\tinymce\jscripts\tiny_mce\themes\advanced\images\xp\Thumbs.db --> www.southfraserden.com /public_html/tinymce/jscripts/tiny_mce/themes/advanced/images/xp Thumbs.db
2007.07.20 19:13 B C:\Program Files\EasyPHP1-8\www\childsite\admin\tinymce\jscripts\tiny_mce\themes\advanced\images\xp\Thumbs.db --> www.yourdemosite.org /public_html/child/admin/tinymce/jscripts/tiny_mce/themes/advanced/images/xp Thumbs.db
2007.07.20 19:13 B C:\Program Files\EasyPHP1-8\www\childsite\admin\tinymce\jscripts\tiny_mce\themes\advanced\images\xp\WS_FTP.LOG --> www.yourdemosite.org /public_html/child/admin/tinymce/jscripts/tiny_mce/themes/advanced/images/xp WS_FTP.LOG
2007.07.20 19:13 B C:\Program Files\EasyPHP1-8\www\childsite\admin\tinymce\jscripts\tiny_mce\themes\advanced\images\xp\tabs_bg.gif --> www.yourdemosite.org /public_html/child/admin/tinymce/jscripts/tiny_mce/themes/advanced/images/xp tabs_bg.gif
2007.07.20 19:13 B C:\Program Files\EasyPHP1-8\www\childsite\admin\tinymce\jscripts\tiny_mce\themes\advanced\images\xp\tab_sel_end.gif --> www.yourdemosite.org /public_html/child/admin/tinymce/jscripts/tiny_mce/themes/advanced/images/xp tab_sel_end.gif
2007.07.20 19:13 B C:\Program Files\EasyPHP1-8\www\childsite\admin\tinymce\jscripts\tiny_mce\themes\advanced\images\xp\tab_sel_bg.gif --> www.yourdemosite.org /public_html/child/admin/tinymce/jscripts/tiny_mce/themes/advanced/images/xp tab_sel_bg.gif
2007.07.20 19:13 B C:\Program Files\EasyPHP1-8\www\childsite\admin\tinymce\jscripts\tiny_mce\themes\advanced\images\xp\tab_end.gif --> www.yourdemosite.org /public_html/child/admin/tinymce/jscripts/tiny_mce/themes/advanced/images/xp tab_end.gif
2007.07.20 19:13 B C:\Program Files\EasyPHP1-8\www\childsite\admin\tinymce\jscripts\tiny_mce\themes\advanced\images\xp\tab_bg.gif --> www.yourdemosite.org /public_html/child/admin/tinymce/jscripts/tiny_mce/themes/advanced/images/xp tab_bg.gif
2007.07.21 11:46 B C:\Program Files\EasyPHP1-8\www\childsite\admin\tinymce\jscripts\tiny_mce\themes\advanced\images\xp\WS_FTP.LOG --> 69.64.32.73 /httpdocs/test/admin/tinymce/jscripts/tiny_mce/themes/advanced/images/xp WS_FTP.LOG
2007.07.21 12:41 B C:\Program Files\EasyPHP1-8\www\pontdu\admin\tinymce\jscripts\tiny_mce\themes\advanced\images\xp\WS_FTP.LOG --> yourdemosite.org /www/pontdu/admin/tinymce/jscripts/tiny_mce/themes/advanced/images/xp WS_FTP.LOG
2007.07.21 13:25 B C:\Program Files\EasyPHP1-8\www\pontdu\admin\tinymce\jscripts\tiny_mce\themes\advanced\images\xp\WS_FTP.LOG --> pontducommerce.com /admin/tinymce/jscripts/tiny_mce/themes/advanced/images/xp WS_FTP.LOG
2007.07.21 14:22 B C:\Program Files\EasyPHP1-8\www\pontdu\admin\tinymce\jscripts\tiny_mce\themes\advanced\images\xp\tab_bg.gif --> pontducommerce.com /pontdu-french/admin/tinymce/jscripts/tiny_mce/themes/advanced/images/xp tab_bg.gif
2007.07.21 14:22 B C:\Program Files\EasyPHP1-8\www\pontdu\admin\tinymce\jscripts\tiny_mce\themes\advanced\images\xp\tab_end.gif --> pontducommerce.com /pontdu-french/admin/tinymce/jscripts/tiny_mce/themes/advanced/images/xp tab_end.gif
2007.07.21 14:22 B C:\Program Files\EasyPHP1-8\www\pontdu\admin\tinymce\jscripts\tiny_mce\themes\advanced\images\xp\tab_sel_bg.gif --> pontducommerce.com /pontdu-french/admin/tinymce/jscripts/tiny_mce/themes/advanced/images/xp tab_sel_bg.gif
2007.07.21 14:22 B C:\Program Files\EasyPHP1-8\www\pontdu\admin\tinymce\jscripts\tiny_mce\themes\advanced\images\xp\tab_sel_end.gif --> pontducommerce.com /pontdu-french/admin/tinymce/jscripts/tiny_mce/themes/advanced/images/xp tab_sel_end.gif
2007.07.21 14:22 B C:\Program Files\EasyPHP1-8\www\pontdu\admin\tinymce\jscripts\tiny_mce\themes\advanced\images\xp\tabs_bg.gif --> pontducommerce.com /pontdu-french/admin/tinymce/jscripts/tiny_mce/themes/advanced/images/xp tabs_bg.gif
2007.07.21 14:22 B C:\Program Files\EasyPHP1-8\www\pontdu\admin\tinymce\jscripts\tiny_mce\themes\advanced\images\xp\Thumbs.db --> pontducommerce.com /pontdu-french/admin/tinymce/jscripts/tiny_mce/themes/advanced/images/xp Thumbs.db
2007.07.21 14:22 B C:\Program Files\EasyPHP1-8\www\pontdu\admin\tinymce\jscripts\tiny_mce\themes\advanced\images\xp\WS_FTP.LOG --> pontducommerce.com /pontdu-french/admin/tinymce/jscripts/tiny_mce/themes/advanced/images/xp WS_FTP.LOG
2007.07.21 14:28 B C:\Program Files\EasyPHP1-8\www\pontdu\admin\tinymce\jscripts\tiny_mce\themes\advanced\images\xp\WS_FTP.LOG --> pontducommerce.com /pontdu-french/admin/tinymce/jscripts/tiny_mce/themes/advanced/images/xp WS_FTP.LOG
