2006.12.18 11:05 B C:\Program Files\EasyPHP1-8\www\southfraserden\tinymce\jscripts\tiny_mce\utils\editable_selects.js --> www.southfraserden.com /public_html/tinymce/jscripts/tiny_mce/utils editable_selects.js
2006.12.18 11:05 B C:\Program Files\EasyPHP1-8\www\southfraserden\tinymce\jscripts\tiny_mce\utils\form_utils.js --> www.southfraserden.com /public_html/tinymce/jscripts/tiny_mce/utils form_utils.js
2006.12.18 11:05 B C:\Program Files\EasyPHP1-8\www\southfraserden\tinymce\jscripts\tiny_mce\utils\mclayer.js --> www.southfraserden.com /public_html/tinymce/jscripts/tiny_mce/utils mclayer.js
2006.12.18 11:05 B C:\Program Files\EasyPHP1-8\www\southfraserden\tinymce\jscripts\tiny_mce\utils\mctabs.js --> www.southfraserden.com /public_html/tinymce/jscripts/tiny_mce/utils mctabs.js
2006.12.18 11:05 B C:\Program Files\EasyPHP1-8\www\southfraserden\tinymce\jscripts\tiny_mce\utils\validate.js --> www.southfraserden.com /public_html/tinymce/jscripts/tiny_mce/utils validate.js
2006.12.19 21:11 B C:\Program Files\EasyPHP1-8\www\southfraserden\tinymce\jscripts\tiny_mce\utils\form_utils.js --> www.southfraserden.com /public_html/tinymce/jscripts/tiny_mce/utils form_utils.js
2006.12.19 21:13 B C:\Program Files\EasyPHP1-8\www\southfraserden\tinymce\jscripts\tiny_mce\utils\form_utils.js --> www.southfraserden.com /public_html/admin/tinymce/jscripts/tiny_mce/utils form_utils.js
2007.01.27 13:12 B C:\Program Files\EasyPHP1-8\www\sleepshop\admin\tinymce\jscripts\tiny_mce\utils\editable_selects.js --> sleepshopbc.com /public_html/demo/admin/tinymce/jscripts/tiny_mce/utils editable_selects.js
2007.01.27 13:12 B C:\Program Files\EasyPHP1-8\www\sleepshop\admin\tinymce\jscripts\tiny_mce\utils\form_utils.js --> sleepshopbc.com /public_html/demo/admin/tinymce/jscripts/tiny_mce/utils form_utils.js
2007.01.27 13:12 B C:\Program Files\EasyPHP1-8\www\sleepshop\admin\tinymce\jscripts\tiny_mce\utils\mclayer.js --> sleepshopbc.com /public_html/demo/admin/tinymce/jscripts/tiny_mce/utils mclayer.js
2007.01.27 13:12 B C:\Program Files\EasyPHP1-8\www\sleepshop\admin\tinymce\jscripts\tiny_mce\utils\mctabs.js --> sleepshopbc.com /public_html/demo/admin/tinymce/jscripts/tiny_mce/utils mctabs.js
2007.01.27 13:12 B C:\Program Files\EasyPHP1-8\www\sleepshop\admin\tinymce\jscripts\tiny_mce\utils\test.html --> sleepshopbc.com /public_html/demo/admin/tinymce/jscripts/tiny_mce/utils test.html
2007.01.27 13:12 B C:\Program Files\EasyPHP1-8\www\sleepshop\admin\tinymce\jscripts\tiny_mce\utils\validate.js --> sleepshopbc.com /public_html/demo/admin/tinymce/jscripts/tiny_mce/utils validate.js
2007.01.27 13:12 B C:\Program Files\EasyPHP1-8\www\sleepshop\admin\tinymce\jscripts\tiny_mce\utils\WS_FTP.LOG --> sleepshopbc.com /public_html/demo/admin/tinymce/jscripts/tiny_mce/utils WS_FTP.LOG
2007.07.20 19:10 B C:\Program Files\EasyPHP1-8\www\childsite\admin\tinymce\jscripts\tiny_mce\utils\WS_FTP.LOG --> www.yourdemosite.org /public_html/child/admin/tinymce/jscripts/tiny_mce/utils WS_FTP.LOG
2007.07.20 19:10 B C:\Program Files\EasyPHP1-8\www\childsite\admin\tinymce\jscripts\tiny_mce\utils\form_utils.js --> www.yourdemosite.org /public_html/child/admin/tinymce/jscripts/tiny_mce/utils form_utils.js
2007.07.20 19:10 B C:\Program Files\EasyPHP1-8\www\childsite\admin\tinymce\jscripts\tiny_mce\utils\test.html --> www.yourdemosite.org /public_html/child/admin/tinymce/jscripts/tiny_mce/utils test.html
2007.07.20 19:10 B C:\Program Files\EasyPHP1-8\www\childsite\admin\tinymce\jscripts\tiny_mce\utils\validate.js --> www.yourdemosite.org /public_html/child/admin/tinymce/jscripts/tiny_mce/utils validate.js
2007.07.20 19:10 B C:\Program Files\EasyPHP1-8\www\childsite\admin\tinymce\jscripts\tiny_mce\utils\mctabs.js --> www.yourdemosite.org /public_html/child/admin/tinymce/jscripts/tiny_mce/utils mctabs.js
2007.07.20 19:10 B C:\Program Files\EasyPHP1-8\www\childsite\admin\tinymce\jscripts\tiny_mce\utils\mclayer.js --> www.yourdemosite.org /public_html/child/admin/tinymce/jscripts/tiny_mce/utils mclayer.js
2007.07.20 19:10 B C:\Program Files\EasyPHP1-8\www\childsite\admin\tinymce\jscripts\tiny_mce\utils\editable_selects.js --> www.yourdemosite.org /public_html/child/admin/tinymce/jscripts/tiny_mce/utils editable_selects.js
2007.07.21 11:44 B C:\Program Files\EasyPHP1-8\www\childsite\admin\tinymce\jscripts\tiny_mce\utils\WS_FTP.LOG --> 69.64.32.73 /httpdocs/test/admin/tinymce/jscripts/tiny_mce/utils WS_FTP.LOG
2007.07.21 12:40 B C:\Program Files\EasyPHP1-8\www\pontdu\admin\tinymce\jscripts\tiny_mce\utils\WS_FTP.LOG --> yourdemosite.org /www/pontdu/admin/tinymce/jscripts/tiny_mce/utils WS_FTP.LOG
2007.07.21 13:24 B C:\Program Files\EasyPHP1-8\www\pontdu\admin\tinymce\jscripts\tiny_mce\utils\WS_FTP.LOG --> pontducommerce.com /admin/tinymce/jscripts/tiny_mce/utils WS_FTP.LOG
2007.07.21 14:26 B C:\Program Files\EasyPHP1-8\www\pontdu\admin\tinymce\jscripts\tiny_mce\utils\editable_selects.js --> pontducommerce.com /pontdu-french/admin/tinymce/jscripts/tiny_mce/utils editable_selects.js
2007.07.21 14:26 B C:\Program Files\EasyPHP1-8\www\pontdu\admin\tinymce\jscripts\tiny_mce\utils\form_utils.js --> pontducommerce.com /pontdu-french/admin/tinymce/jscripts/tiny_mce/utils form_utils.js
2007.07.21 14:26 B C:\Program Files\EasyPHP1-8\www\pontdu\admin\tinymce\jscripts\tiny_mce\utils\mclayer.js --> pontducommerce.com /pontdu-french/admin/tinymce/jscripts/tiny_mce/utils mclayer.js
2007.07.21 14:26 B C:\Program Files\EasyPHP1-8\www\pontdu\admin\tinymce\jscripts\tiny_mce\utils\mctabs.js --> pontducommerce.com /pontdu-french/admin/tinymce/jscripts/tiny_mce/utils mctabs.js
2007.07.21 14:26 B C:\Program Files\EasyPHP1-8\www\pontdu\admin\tinymce\jscripts\tiny_mce\utils\test.html --> pontducommerce.com /pontdu-french/admin/tinymce/jscripts/tiny_mce/utils test.html
2007.07.21 14:26 B C:\Program Files\EasyPHP1-8\www\pontdu\admin\tinymce\jscripts\tiny_mce\utils\validate.js --> pontducommerce.com /pontdu-french/admin/tinymce/jscripts/tiny_mce/utils validate.js
2007.07.21 14:26 B C:\Program Files\EasyPHP1-8\www\pontdu\admin\tinymce\jscripts\tiny_mce\utils\WS_FTP.LOG --> pontducommerce.com /pontdu-french/admin/tinymce/jscripts/tiny_mce/utils WS_FTP.LOG
2007.07.21 14:29 B C:\Program Files\EasyPHP1-8\www\pontdu\admin\tinymce\jscripts\tiny_mce\utils\WS_FTP.LOG --> pontducommerce.com /pontdu-french/admin/tinymce/jscripts/tiny_mce/utils WS_FTP.LOG
