2006.12.18 11:00 B C:\Program Files\EasyPHP1-8\www\southfraserden\tinymce\jscripts\tiny_mce\themes\advanced\css\editor_content.css --> www.southfraserden.com /public_html/tinymce/jscripts/tiny_mce/themes/advanced/css editor_content.css
2006.12.18 11:00 B C:\Program Files\EasyPHP1-8\www\southfraserden\tinymce\jscripts\tiny_mce\themes\advanced\css\editor_popup.css --> www.southfraserden.com /public_html/tinymce/jscripts/tiny_mce/themes/advanced/css editor_popup.css
2006.12.18 11:00 B C:\Program Files\EasyPHP1-8\www\southfraserden\tinymce\jscripts\tiny_mce\themes\advanced\css\editor_ui.css --> www.southfraserden.com /public_html/tinymce/jscripts/tiny_mce/themes/advanced/css editor_ui.css
2006.12.18 13:55 B C:\Program Files\EasyPHP1-8\www\southfraserden\tinymce\jscripts\tiny_mce\themes\advanced\css\editor_popup.css --> www.southfraserden.com /public_html/tinymce/jscripts/tiny_mce/themes/advanced/css editor_popup.css
2006.12.18 13:57 B C:\Program Files\EasyPHP1-8\www\southfraserden\tinymce\jscripts\tiny_mce\themes\advanced\css\editor_popup.css --> www.southfraserden.com /public_html/tinymce/jscripts/tiny_mce/themes/advanced/css editor_popup.css
2006.12.18 14:16 B C:\Program Files\EasyPHP1-8\www\southfraserden\tinymce\jscripts\tiny_mce\themes\advanced\css\editor_ui.css --> www.southfraserden.com /public_html/tinymce/jscripts/tiny_mce/themes/advanced/css editor_ui.css
2006.12.18 14:18 B C:\Program Files\EasyPHP1-8\www\southfraserden\tinymce\jscripts\tiny_mce\themes\advanced\css\editor_ui.css --> www.southfraserden.com /public_html/tinymce/jscripts/tiny_mce/themes/advanced/css editor_ui.css
2006.12.18 14:34 B C:\Program Files\EasyPHP1-8\www\southfraserden\tinymce\jscripts\tiny_mce\themes\advanced\css\editor_ui.css --> www.southfraserden.com /public_html/tinymce/jscripts/tiny_mce/themes/advanced/css editor_ui.css
2006.12.18 14:44 B C:\Program Files\EasyPHP1-8\www\southfraserden\tinymce\jscripts\tiny_mce\themes\advanced\css\editor_ui.css --> www.southfraserden.com /public_html/tinymce/jscripts/tiny_mce/themes/advanced/css editor_ui.css
2007.07.20 19:16 B C:\Program Files\EasyPHP1-8\www\childsite\admin\tinymce\jscripts\tiny_mce\themes\advanced\css\WS_FTP.LOG --> www.yourdemosite.org /public_html/child/admin/tinymce/jscripts/tiny_mce/themes/advanced/css WS_FTP.LOG
2007.07.20 19:16 B C:\Program Files\EasyPHP1-8\www\childsite\admin\tinymce\jscripts\tiny_mce\themes\advanced\css\editor_ui.css --> www.yourdemosite.org /public_html/child/admin/tinymce/jscripts/tiny_mce/themes/advanced/css editor_ui.css
2007.07.20 19:16 B C:\Program Files\EasyPHP1-8\www\childsite\admin\tinymce\jscripts\tiny_mce\themes\advanced\css\editor_popup.css --> www.yourdemosite.org /public_html/child/admin/tinymce/jscripts/tiny_mce/themes/advanced/css editor_popup.css
2007.07.20 19:16 B C:\Program Files\EasyPHP1-8\www\childsite\admin\tinymce\jscripts\tiny_mce\themes\advanced\css\editor_content.css --> www.yourdemosite.org /public_html/child/admin/tinymce/jscripts/tiny_mce/themes/advanced/css editor_content.css
2007.07.21 11:46 B C:\Program Files\EasyPHP1-8\www\childsite\admin\tinymce\jscripts\tiny_mce\themes\advanced\css\WS_FTP.LOG --> 69.64.32.73 /httpdocs/test/admin/tinymce/jscripts/tiny_mce/themes/advanced/css WS_FTP.LOG
2007.07.21 12:42 B C:\Program Files\EasyPHP1-8\www\pontdu\admin\tinymce\jscripts\tiny_mce\themes\advanced\css\WS_FTP.LOG --> yourdemosite.org /www/pontdu/admin/tinymce/jscripts/tiny_mce/themes/advanced/css WS_FTP.LOG
2007.07.21 13:26 B C:\Program Files\EasyPHP1-8\www\pontdu\admin\tinymce\jscripts\tiny_mce\themes\advanced\css\WS_FTP.LOG --> pontducommerce.com /admin/tinymce/jscripts/tiny_mce/themes/advanced/css WS_FTP.LOG
2007.07.21 14:21 B C:\Program Files\EasyPHP1-8\www\pontdu\admin\tinymce\jscripts\tiny_mce\themes\advanced\css\editor_content.css --> pontducommerce.com /pontdu-french/admin/tinymce/jscripts/tiny_mce/themes/advanced/css editor_content.css
2007.07.21 14:21 B C:\Program Files\EasyPHP1-8\www\pontdu\admin\tinymce\jscripts\tiny_mce\themes\advanced\css\editor_popup.css --> pontducommerce.com /pontdu-french/admin/tinymce/jscripts/tiny_mce/themes/advanced/css editor_popup.css
2007.07.21 14:21 B C:\Program Files\EasyPHP1-8\www\pontdu\admin\tinymce\jscripts\tiny_mce\themes\advanced\css\editor_ui.css --> pontducommerce.com /pontdu-french/admin/tinymce/jscripts/tiny_mce/themes/advanced/css editor_ui.css
2007.07.21 14:21 B C:\Program Files\EasyPHP1-8\www\pontdu\admin\tinymce\jscripts\tiny_mce\themes\advanced\css\WS_FTP.LOG --> pontducommerce.com /pontdu-french/admin/tinymce/jscripts/tiny_mce/themes/advanced/css WS_FTP.LOG
2007.07.21 14:27 B C:\Program Files\EasyPHP1-8\www\pontdu\admin\tinymce\jscripts\tiny_mce\themes\advanced\css\WS_FTP.LOG --> pontducommerce.com /pontdu-french/admin/tinymce/jscripts/tiny_mce/themes/advanced/css WS_FTP.LOG
