2006.12.18 10:58 B C:\Program Files\EasyPHP1-8\www\southfraserden\tinymce\jscripts\tiny_mce\plugins\xhtmlxtras\jscripts\abbr.js --> www.southfraserden.com /public_html/tinymce/jscripts/tiny_mce/plugins/xhtmlxtras/jscripts abbr.js
2006.12.18 10:58 B C:\Program Files\EasyPHP1-8\www\southfraserden\tinymce\jscripts\tiny_mce\plugins\xhtmlxtras\jscripts\acronym.js --> www.southfraserden.com /public_html/tinymce/jscripts/tiny_mce/plugins/xhtmlxtras/jscripts acronym.js
2006.12.18 10:59 B C:\Program Files\EasyPHP1-8\www\southfraserden\tinymce\jscripts\tiny_mce\plugins\xhtmlxtras\jscripts\cite.js --> www.southfraserden.com /public_html/tinymce/jscripts/tiny_mce/plugins/xhtmlxtras/jscripts cite.js
2006.12.18 10:59 B C:\Program Files\EasyPHP1-8\www\southfraserden\tinymce\jscripts\tiny_mce\plugins\xhtmlxtras\jscripts\del.js --> www.southfraserden.com /public_html/tinymce/jscripts/tiny_mce/plugins/xhtmlxtras/jscripts del.js
2006.12.18 10:59 B C:\Program Files\EasyPHP1-8\www\southfraserden\tinymce\jscripts\tiny_mce\plugins\xhtmlxtras\jscripts\element_common.js --> www.southfraserden.com /public_html/tinymce/jscripts/tiny_mce/plugins/xhtmlxtras/jscripts element_common.js
2006.12.18 10:59 B C:\Program Files\EasyPHP1-8\www\southfraserden\tinymce\jscripts\tiny_mce\plugins\xhtmlxtras\jscripts\ins.js --> www.southfraserden.com /public_html/tinymce/jscripts/tiny_mce/plugins/xhtmlxtras/jscripts ins.js
2007.07.20 19:17 B C:\Program Files\EasyPHP1-8\www\childsite\admin\tinymce\jscripts\tiny_mce\plugins\xhtmlxtras\jscripts\WS_FTP.LOG --> www.yourdemosite.org /public_html/child/admin/tinymce/jscripts/tiny_mce/plugins/xhtmlxtras/jscripts WS_FTP.LOG
2007.07.20 19:17 B C:\Program Files\EasyPHP1-8\www\childsite\admin\tinymce\jscripts\tiny_mce\plugins\xhtmlxtras\jscripts\element_common.js --> www.yourdemosite.org /public_html/child/admin/tinymce/jscripts/tiny_mce/plugins/xhtmlxtras/jscripts element_common.js
2007.07.20 19:17 B C:\Program Files\EasyPHP1-8\www\childsite\admin\tinymce\jscripts\tiny_mce\plugins\xhtmlxtras\jscripts\abbr.js --> www.yourdemosite.org /public_html/child/admin/tinymce/jscripts/tiny_mce/plugins/xhtmlxtras/jscripts abbr.js
2007.07.20 19:17 B C:\Program Files\EasyPHP1-8\www\childsite\admin\tinymce\jscripts\tiny_mce\plugins\xhtmlxtras\jscripts\ins.js --> www.yourdemosite.org /public_html/child/admin/tinymce/jscripts/tiny_mce/plugins/xhtmlxtras/jscripts ins.js
2007.07.20 19:17 B C:\Program Files\EasyPHP1-8\www\childsite\admin\tinymce\jscripts\tiny_mce\plugins\xhtmlxtras\jscripts\del.js --> www.yourdemosite.org /public_html/child/admin/tinymce/jscripts/tiny_mce/plugins/xhtmlxtras/jscripts del.js
2007.07.20 19:17 B C:\Program Files\EasyPHP1-8\www\childsite\admin\tinymce\jscripts\tiny_mce\plugins\xhtmlxtras\jscripts\cite.js --> www.yourdemosite.org /public_html/child/admin/tinymce/jscripts/tiny_mce/plugins/xhtmlxtras/jscripts cite.js
2007.07.20 19:17 B C:\Program Files\EasyPHP1-8\www\childsite\admin\tinymce\jscripts\tiny_mce\plugins\xhtmlxtras\jscripts\acronym.js --> www.yourdemosite.org /public_html/child/admin/tinymce/jscripts/tiny_mce/plugins/xhtmlxtras/jscripts acronym.js
2007.07.21 11:47 B C:\Program Files\EasyPHP1-8\www\childsite\admin\tinymce\jscripts\tiny_mce\plugins\xhtmlxtras\jscripts\WS_FTP.LOG --> 69.64.32.73 /httpdocs/test/admin/tinymce/jscripts/tiny_mce/plugins/xhtmlxtras/jscripts WS_FTP.LOG
2007.07.21 12:43 B C:\Program Files\EasyPHP1-8\www\pontdu\admin\tinymce\jscripts\tiny_mce\plugins\xhtmlxtras\jscripts\WS_FTP.LOG --> yourdemosite.org /www/pontdu/admin/tinymce/jscripts/tiny_mce/plugins/xhtmlxtras/jscripts WS_FTP.LOG
2007.07.21 13:26 B C:\Program Files\EasyPHP1-8\www\pontdu\admin\tinymce\jscripts\tiny_mce\plugins\xhtmlxtras\jscripts\WS_FTP.LOG --> pontducommerce.com /admin/tinymce/jscripts/tiny_mce/plugins/xhtmlxtras/jscripts WS_FTP.LOG
2007.07.21 14:19 B C:\Program Files\EasyPHP1-8\www\pontdu\admin\tinymce\jscripts\tiny_mce\plugins\xhtmlxtras\jscripts\abbr.js --> pontducommerce.com /pontdu-french/admin/tinymce/jscripts/tiny_mce/plugins/xhtmlxtras/jscripts abbr.js
2007.07.21 14:19 B C:\Program Files\EasyPHP1-8\www\pontdu\admin\tinymce\jscripts\tiny_mce\plugins\xhtmlxtras\jscripts\acronym.js --> pontducommerce.com /pontdu-french/admin/tinymce/jscripts/tiny_mce/plugins/xhtmlxtras/jscripts acronym.js
2007.07.21 14:19 B C:\Program Files\EasyPHP1-8\www\pontdu\admin\tinymce\jscripts\tiny_mce\plugins\xhtmlxtras\jscripts\cite.js --> pontducommerce.com /pontdu-french/admin/tinymce/jscripts/tiny_mce/plugins/xhtmlxtras/jscripts cite.js
2007.07.21 14:19 B C:\Program Files\EasyPHP1-8\www\pontdu\admin\tinymce\jscripts\tiny_mce\plugins\xhtmlxtras\jscripts\del.js --> pontducommerce.com /pontdu-french/admin/tinymce/jscripts/tiny_mce/plugins/xhtmlxtras/jscripts del.js
2007.07.21 14:19 B C:\Program Files\EasyPHP1-8\www\pontdu\admin\tinymce\jscripts\tiny_mce\plugins\xhtmlxtras\jscripts\element_common.js --> pontducommerce.com /pontdu-french/admin/tinymce/jscripts/tiny_mce/plugins/xhtmlxtras/jscripts element_common.js
2007.07.21 14:19 B C:\Program Files\EasyPHP1-8\www\pontdu\admin\tinymce\jscripts\tiny_mce\plugins\xhtmlxtras\jscripts\ins.js --> pontducommerce.com /pontdu-french/admin/tinymce/jscripts/tiny_mce/plugins/xhtmlxtras/jscripts ins.js
2007.07.21 14:19 B C:\Program Files\EasyPHP1-8\www\pontdu\admin\tinymce\jscripts\tiny_mce\plugins\xhtmlxtras\jscripts\WS_FTP.LOG --> pontducommerce.com /pontdu-french/admin/tinymce/jscripts/tiny_mce/plugins/xhtmlxtras/jscripts WS_FTP.LOG
