2006.12.18 11:03 B C:\Program Files\EasyPHP1-8\www\southfraserden\tinymce\jscripts\tiny_mce\themes\advanced\jscripts\about.js --> www.southfraserden.com /public_html/tinymce/jscripts/tiny_mce/themes/advanced/jscripts about.js
2006.12.18 11:03 B C:\Program Files\EasyPHP1-8\www\southfraserden\tinymce\jscripts\tiny_mce\themes\advanced\jscripts\anchor.js --> www.southfraserden.com /public_html/tinymce/jscripts/tiny_mce/themes/advanced/jscripts anchor.js
2006.12.18 11:03 B C:\Program Files\EasyPHP1-8\www\southfraserden\tinymce\jscripts\tiny_mce\themes\advanced\jscripts\charmap.js --> www.southfraserden.com /public_html/tinymce/jscripts/tiny_mce/themes/advanced/jscripts charmap.js
2006.12.18 11:03 B C:\Program Files\EasyPHP1-8\www\southfraserden\tinymce\jscripts\tiny_mce\themes\advanced\jscripts\color_picker.js --> www.southfraserden.com /public_html/tinymce/jscripts/tiny_mce/themes/advanced/jscripts color_picker.js
2006.12.18 11:03 B C:\Program Files\EasyPHP1-8\www\southfraserden\tinymce\jscripts\tiny_mce\themes\advanced\jscripts\image.js --> www.southfraserden.com /public_html/tinymce/jscripts/tiny_mce/themes/advanced/jscripts image.js
2006.12.18 11:03 B C:\Program Files\EasyPHP1-8\www\southfraserden\tinymce\jscripts\tiny_mce\themes\advanced\jscripts\link.js --> www.southfraserden.com /public_html/tinymce/jscripts/tiny_mce/themes/advanced/jscripts link.js
2006.12.18 11:03 B C:\Program Files\EasyPHP1-8\www\southfraserden\tinymce\jscripts\tiny_mce\themes\advanced\jscripts\source_editor.js --> www.southfraserden.com /public_html/tinymce/jscripts/tiny_mce/themes/advanced/jscripts source_editor.js
2006.12.22 10:33 B C:\Program Files\EasyPHP1-8\www\southfraserden\tinymce\jscripts\tiny_mce\themes\advanced\jscripts\image.js --> www.southfraserden.com /public_html/tinymce/jscripts/tiny_mce/themes/advanced/jscripts image.js
2006.12.22 10:37 B C:\Program Files\EasyPHP1-8\www\southfraserden\tinymce\jscripts\tiny_mce\themes\advanced\jscripts\image.js --> www.southfraserden.com /public_html/tinymce/jscripts/tiny_mce/themes/advanced/jscripts image.js
2006.12.22 10:39 B C:\Program Files\EasyPHP1-8\www\southfraserden\tinymce\jscripts\tiny_mce\themes\advanced\jscripts\image.js --> www.southfraserden.com /public_html/tinymce/jscripts/tiny_mce/themes/advanced/jscripts image.js
2006.12.22 10:44 B C:\Program Files\EasyPHP1-8\www\southfraserden\tinymce\jscripts\tiny_mce\themes\advanced\jscripts\image.js --> www.southfraserden.com /public_html/tinymce/jscripts/tiny_mce/themes/advanced/jscripts image.js
2006.12.22 10:46 B C:\Program Files\EasyPHP1-8\www\southfraserden\tinymce\jscripts\tiny_mce\themes\advanced\jscripts\image.js --> www.southfraserden.com /public_html/tinymce/jscripts/tiny_mce/themes/advanced/jscripts image.js
2006.12.22 11:51 B C:\Program Files\EasyPHP1-8\www\southfraserden\tinymce\jscripts\tiny_mce\themes\advanced\jscripts\image.js --> www.southfraserden.com /public_html/tinymce/jscripts/tiny_mce/themes/advanced/jscripts image.js
2006.12.22 16:42 B C:\Program Files\EasyPHP1-8\www\southfraserden\tinymce\jscripts\tiny_mce\themes\advanced\jscripts\image.js --> www.southfraserden.com /public_html/tinymce/jscripts/tiny_mce/themes/advanced/jscripts image.js
2006.12.22 16:48 B C:\Program Files\EasyPHP1-8\www\southfraserden\tinymce\jscripts\tiny_mce\themes\advanced\jscripts\image.js --> www.southfraserden.com /public_html/tinymce/jscripts/tiny_mce/themes/advanced/jscripts image.js
2006.12.22 16:50 B C:\Program Files\EasyPHP1-8\www\southfraserden\tinymce\jscripts\tiny_mce\themes\advanced\jscripts\image.js --> www.southfraserden.com /public_html/tinymce/jscripts/tiny_mce/themes/advanced/jscripts image.js
2006.12.22 17:08 B C:\Program Files\EasyPHP1-8\www\southfraserden\tinymce\jscripts\tiny_mce\themes\advanced\jscripts\image.js --> www.southfraserden.com /public_html/tinymce/jscripts/tiny_mce/themes/advanced/jscripts image.js
2006.12.26 21:55 B C:\Program Files\EasyPHP1-8\www\newtsawwssen1\admin\tinymce\jscripts\tiny_mce\themes\advanced\jscripts\image.js --> tbblions.ca /public_html/newsite/admin/tinymce/jscripts/tiny_mce/themes/advanced/jscripts image.js
2006.12.26 21:55 B C:\Program Files\EasyPHP1-8\www\newtsawwssen1\admin\tinymce\jscripts\tiny_mce\themes\advanced\jscripts\WS_FTP.LOG --> tbblions.ca /public_html/newsite/admin/tinymce/jscripts/tiny_mce/themes/advanced/jscripts WS_FTP.LOG
2007.01.27 13:30 B C:\Program Files\EasyPHP1-8\www\sleepshop\admin\tinymce\jscripts\tiny_mce\themes\advanced\jscripts\about.js --> sleepshopbc.com /public_html/demo/admin/tinymce/jscripts/tiny_mce/themes/advanced/jscripts about.js
2007.01.27 13:30 B C:\Program Files\EasyPHP1-8\www\sleepshop\admin\tinymce\jscripts\tiny_mce\themes\advanced\jscripts\anchor.js --> sleepshopbc.com /public_html/demo/admin/tinymce/jscripts/tiny_mce/themes/advanced/jscripts anchor.js
2007.01.27 13:30 B C:\Program Files\EasyPHP1-8\www\sleepshop\admin\tinymce\jscripts\tiny_mce\themes\advanced\jscripts\charmap.js --> sleepshopbc.com /public_html/demo/admin/tinymce/jscripts/tiny_mce/themes/advanced/jscripts charmap.js
2007.01.27 13:30 B C:\Program Files\EasyPHP1-8\www\sleepshop\admin\tinymce\jscripts\tiny_mce\themes\advanced\jscripts\color_picker.js --> sleepshopbc.com /public_html/demo/admin/tinymce/jscripts/tiny_mce/themes/advanced/jscripts color_picker.js
2007.01.27 13:30 B C:\Program Files\EasyPHP1-8\www\sleepshop\admin\tinymce\jscripts\tiny_mce\themes\advanced\jscripts\image.js --> sleepshopbc.com /public_html/demo/admin/tinymce/jscripts/tiny_mce/themes/advanced/jscripts image.js
2007.01.27 13:30 B C:\Program Files\EasyPHP1-8\www\sleepshop\admin\tinymce\jscripts\tiny_mce\themes\advanced\jscripts\link.js --> sleepshopbc.com /public_html/demo/admin/tinymce/jscripts/tiny_mce/themes/advanced/jscripts link.js
2007.01.27 13:30 B C:\Program Files\EasyPHP1-8\www\sleepshop\admin\tinymce\jscripts\tiny_mce\themes\advanced\jscripts\source_editor.js --> sleepshopbc.com /public_html/demo/admin/tinymce/jscripts/tiny_mce/themes/advanced/jscripts source_editor.js
2007.01.27 13:30 B C:\Program Files\EasyPHP1-8\www\sleepshop\admin\tinymce\jscripts\tiny_mce\themes\advanced\jscripts\WS_FTP.LOG --> sleepshopbc.com /public_html/demo/admin/tinymce/jscripts/tiny_mce/themes/advanced/jscripts WS_FTP.LOG
2007.01.27 13:47 B C:\Program Files\EasyPHP1-8\www\sleepshop\admin\tinymce\jscripts\tiny_mce\themes\advanced\jscripts\WS_FTP.LOG --> sleepshopbc.com /public_html/demo/admin/tinymce/jscripts/tiny_mce/themes/advanced/jscripts WS_FTP.LOG
2007.07.20 19:13 B C:\Program Files\EasyPHP1-8\www\childsite\admin\tinymce\jscripts\tiny_mce\themes\advanced\jscripts\WS_FTP.LOG --> www.yourdemosite.org /public_html/child/admin/tinymce/jscripts/tiny_mce/themes/advanced/jscripts WS_FTP.LOG
2007.07.20 19:13 B C:\Program Files\EasyPHP1-8\www\childsite\admin\tinymce\jscripts\tiny_mce\themes\advanced\jscripts\image.js --> www.yourdemosite.org /public_html/child/admin/tinymce/jscripts/tiny_mce/themes/advanced/jscripts image.js
2007.07.20 19:13 B C:\Program Files\EasyPHP1-8\www\childsite\admin\tinymce\jscripts\tiny_mce\themes\advanced\jscripts\source_editor.js --> www.yourdemosite.org /public_html/child/admin/tinymce/jscripts/tiny_mce/themes/advanced/jscripts source_editor.js
2007.07.20 19:13 B C:\Program Files\EasyPHP1-8\www\childsite\admin\tinymce\jscripts\tiny_mce\themes\advanced\jscripts\link.js --> www.yourdemosite.org /public_html/child/admin/tinymce/jscripts/tiny_mce/themes/advanced/jscripts link.js
2007.07.20 19:13 B C:\Program Files\EasyPHP1-8\www\childsite\admin\tinymce\jscripts\tiny_mce\themes\advanced\jscripts\color_picker.js --> www.yourdemosite.org /public_html/child/admin/tinymce/jscripts/tiny_mce/themes/advanced/jscripts color_picker.js
2007.07.20 19:13 B C:\Program Files\EasyPHP1-8\www\childsite\admin\tinymce\jscripts\tiny_mce\themes\advanced\jscripts\charmap.js --> www.yourdemosite.org /public_html/child/admin/tinymce/jscripts/tiny_mce/themes/advanced/jscripts charmap.js
2007.07.20 19:13 B C:\Program Files\EasyPHP1-8\www\childsite\admin\tinymce\jscripts\tiny_mce\themes\advanced\jscripts\anchor.js --> www.yourdemosite.org /public_html/child/admin/tinymce/jscripts/tiny_mce/themes/advanced/jscripts anchor.js
2007.07.20 19:13 B C:\Program Files\EasyPHP1-8\www\childsite\admin\tinymce\jscripts\tiny_mce\themes\advanced\jscripts\about.js --> www.yourdemosite.org /public_html/child/admin/tinymce/jscripts/tiny_mce/themes/advanced/jscripts about.js
2007.07.21 11:45 B C:\Program Files\EasyPHP1-8\www\childsite\admin\tinymce\jscripts\tiny_mce\themes\advanced\jscripts\WS_FTP.LOG --> 69.64.32.73 /httpdocs/test/admin/tinymce/jscripts/tiny_mce/themes/advanced/jscripts WS_FTP.LOG
2007.07.21 12:41 B C:\Program Files\EasyPHP1-8\www\pontdu\admin\tinymce\jscripts\tiny_mce\themes\advanced\jscripts\WS_FTP.LOG --> yourdemosite.org /www/pontdu/admin/tinymce/jscripts/tiny_mce/themes/advanced/jscripts WS_FTP.LOG
2007.07.21 13:25 B C:\Program Files\EasyPHP1-8\www\pontdu\admin\tinymce\jscripts\tiny_mce\themes\advanced\jscripts\WS_FTP.LOG --> pontducommerce.com /admin/tinymce/jscripts/tiny_mce/themes/advanced/jscripts WS_FTP.LOG
2007.07.21 14:24 B C:\Program Files\EasyPHP1-8\www\pontdu\admin\tinymce\jscripts\tiny_mce\themes\advanced\jscripts\about.js --> pontducommerce.com /pontdu-french/admin/tinymce/jscripts/tiny_mce/themes/advanced/jscripts about.js
2007.07.21 14:24 B C:\Program Files\EasyPHP1-8\www\pontdu\admin\tinymce\jscripts\tiny_mce\themes\advanced\jscripts\anchor.js --> pontducommerce.com /pontdu-french/admin/tinymce/jscripts/tiny_mce/themes/advanced/jscripts anchor.js
2007.07.21 14:24 B C:\Program Files\EasyPHP1-8\www\pontdu\admin\tinymce\jscripts\tiny_mce\themes\advanced\jscripts\charmap.js --> pontducommerce.com /pontdu-french/admin/tinymce/jscripts/tiny_mce/themes/advanced/jscripts charmap.js
2007.07.21 14:24 B C:\Program Files\EasyPHP1-8\www\pontdu\admin\tinymce\jscripts\tiny_mce\themes\advanced\jscripts\color_picker.js --> pontducommerce.com /pontdu-french/admin/tinymce/jscripts/tiny_mce/themes/advanced/jscripts color_picker.js
2007.07.21 14:24 B C:\Program Files\EasyPHP1-8\www\pontdu\admin\tinymce\jscripts\tiny_mce\themes\advanced\jscripts\image.js --> pontducommerce.com /pontdu-french/admin/tinymce/jscripts/tiny_mce/themes/advanced/jscripts image.js
2007.07.21 14:24 B C:\Program Files\EasyPHP1-8\www\pontdu\admin\tinymce\jscripts\tiny_mce\themes\advanced\jscripts\link.js --> pontducommerce.com /pontdu-french/admin/tinymce/jscripts/tiny_mce/themes/advanced/jscripts link.js
2007.07.21 14:24 B C:\Program Files\EasyPHP1-8\www\pontdu\admin\tinymce\jscripts\tiny_mce\themes\advanced\jscripts\source_editor.js --> pontducommerce.com /pontdu-french/admin/tinymce/jscripts/tiny_mce/themes/advanced/jscripts source_editor.js
2007.07.21 14:24 B C:\Program Files\EasyPHP1-8\www\pontdu\admin\tinymce\jscripts\tiny_mce\themes\advanced\jscripts\WS_FTP.LOG --> pontducommerce.com /pontdu-french/admin/tinymce/jscripts/tiny_mce/themes/advanced/jscripts WS_FTP.LOG
2007.07.21 14:28 B C:\Program Files\EasyPHP1-8\www\pontdu\admin\tinymce\jscripts\tiny_mce\themes\advanced\jscripts\WS_FTP.LOG --> pontducommerce.com /pontdu-french/admin/tinymce/jscripts/tiny_mce/themes/advanced/jscripts WS_FTP.LOG
