2006.12.18 10:58 B C:\Program Files\EasyPHP1-8\www\southfraserden\tinymce\jscripts\tiny_mce\plugins\xhtmlxtras\images\abbr.gif --> www.southfraserden.com /public_html/tinymce/jscripts/tiny_mce/plugins/xhtmlxtras/images abbr.gif
2006.12.18 10:58 B C:\Program Files\EasyPHP1-8\www\southfraserden\tinymce\jscripts\tiny_mce\plugins\xhtmlxtras\images\acronym.gif --> www.southfraserden.com /public_html/tinymce/jscripts/tiny_mce/plugins/xhtmlxtras/images acronym.gif
2006.12.18 10:58 B C:\Program Files\EasyPHP1-8\www\southfraserden\tinymce\jscripts\tiny_mce\plugins\xhtmlxtras\images\cite.gif --> www.southfraserden.com /public_html/tinymce/jscripts/tiny_mce/plugins/xhtmlxtras/images cite.gif
2006.12.18 10:58 B C:\Program Files\EasyPHP1-8\www\southfraserden\tinymce\jscripts\tiny_mce\plugins\xhtmlxtras\images\date_time.gif --> www.southfraserden.com /public_html/tinymce/jscripts/tiny_mce/plugins/xhtmlxtras/images date_time.gif
2006.12.18 10:58 B C:\Program Files\EasyPHP1-8\www\southfraserden\tinymce\jscripts\tiny_mce\plugins\xhtmlxtras\images\del.gif --> www.southfraserden.com /public_html/tinymce/jscripts/tiny_mce/plugins/xhtmlxtras/images del.gif
2006.12.18 10:58 B C:\Program Files\EasyPHP1-8\www\southfraserden\tinymce\jscripts\tiny_mce\plugins\xhtmlxtras\images\ins.gif --> www.southfraserden.com /public_html/tinymce/jscripts/tiny_mce/plugins/xhtmlxtras/images ins.gif
2006.12.18 10:58 B C:\Program Files\EasyPHP1-8\www\southfraserden\tinymce\jscripts\tiny_mce\plugins\xhtmlxtras\images\remove_button_bg.gif --> www.southfraserden.com /public_html/tinymce/jscripts/tiny_mce/plugins/xhtmlxtras/images remove_button_bg.gif
2007.07.20 19:17 B C:\Program Files\EasyPHP1-8\www\childsite\admin\tinymce\jscripts\tiny_mce\plugins\xhtmlxtras\images\WS_FTP.LOG --> www.yourdemosite.org /public_html/child/admin/tinymce/jscripts/tiny_mce/plugins/xhtmlxtras/images WS_FTP.LOG
2007.07.20 19:17 B C:\Program Files\EasyPHP1-8\www\childsite\admin\tinymce\jscripts\tiny_mce\plugins\xhtmlxtras\images\ins.gif --> www.yourdemosite.org /public_html/child/admin/tinymce/jscripts/tiny_mce/plugins/xhtmlxtras/images ins.gif
2007.07.20 19:18 B C:\Program Files\EasyPHP1-8\www\childsite\admin\tinymce\jscripts\tiny_mce\plugins\xhtmlxtras\images\del.gif --> www.yourdemosite.org /public_html/child/admin/tinymce/jscripts/tiny_mce/plugins/xhtmlxtras/images del.gif
2007.07.20 19:18 B C:\Program Files\EasyPHP1-8\www\childsite\admin\tinymce\jscripts\tiny_mce\plugins\xhtmlxtras\images\cite.gif --> www.yourdemosite.org /public_html/child/admin/tinymce/jscripts/tiny_mce/plugins/xhtmlxtras/images cite.gif
2007.07.20 19:18 B C:\Program Files\EasyPHP1-8\www\childsite\admin\tinymce\jscripts\tiny_mce\plugins\xhtmlxtras\images\acronym.gif --> www.yourdemosite.org /public_html/child/admin/tinymce/jscripts/tiny_mce/plugins/xhtmlxtras/images acronym.gif
2007.07.20 19:18 B C:\Program Files\EasyPHP1-8\www\childsite\admin\tinymce\jscripts\tiny_mce\plugins\xhtmlxtras\images\abbr.gif --> www.yourdemosite.org /public_html/child/admin/tinymce/jscripts/tiny_mce/plugins/xhtmlxtras/images abbr.gif
2007.07.20 19:18 B C:\Program Files\EasyPHP1-8\www\childsite\admin\tinymce\jscripts\tiny_mce\plugins\xhtmlxtras\images\remove_button_bg.gif --> www.yourdemosite.org /public_html/child/admin/tinymce/jscripts/tiny_mce/plugins/xhtmlxtras/images remove_button_bg.gif
2007.07.20 19:18 B C:\Program Files\EasyPHP1-8\www\childsite\admin\tinymce\jscripts\tiny_mce\plugins\xhtmlxtras\images\date_time.gif --> www.yourdemosite.org /public_html/child/admin/tinymce/jscripts/tiny_mce/plugins/xhtmlxtras/images date_time.gif
2007.07.21 11:47 B C:\Program Files\EasyPHP1-8\www\childsite\admin\tinymce\jscripts\tiny_mce\plugins\xhtmlxtras\images\WS_FTP.LOG --> 69.64.32.73 /httpdocs/test/admin/tinymce/jscripts/tiny_mce/plugins/xhtmlxtras/images WS_FTP.LOG
2007.07.21 12:43 B C:\Program Files\EasyPHP1-8\www\pontdu\admin\tinymce\jscripts\tiny_mce\plugins\xhtmlxtras\images\WS_FTP.LOG --> yourdemosite.org /www/pontdu/admin/tinymce/jscripts/tiny_mce/plugins/xhtmlxtras/images WS_FTP.LOG
2007.07.21 13:27 B C:\Program Files\EasyPHP1-8\www\pontdu\admin\tinymce\jscripts\tiny_mce\plugins\xhtmlxtras\images\WS_FTP.LOG --> pontducommerce.com /admin/tinymce/jscripts/tiny_mce/plugins/xhtmlxtras/images WS_FTP.LOG
2007.07.21 14:14 B C:\Program Files\EasyPHP1-8\www\pontdu\admin\tinymce\jscripts\tiny_mce\plugins\xhtmlxtras\images\abbr.gif --> pontducommerce.com /pontdu-french/admin/tinymce/jscripts/tiny_mce/plugins/xhtmlxtras/images abbr.gif
2007.07.21 14:16 B C:\Program Files\EasyPHP1-8\www\pontdu\admin\tinymce\jscripts\tiny_mce\plugins\xhtmlxtras\images\acronym.gif --> pontducommerce.com /pontdu-french/admin/tinymce/jscripts/tiny_mce/plugins/xhtmlxtras/images acronym.gif
2007.07.21 14:19 B C:\Program Files\EasyPHP1-8\www\pontdu\admin\tinymce\jscripts\tiny_mce\plugins\xhtmlxtras\images\acronym.gif --> pontducommerce.com /pontdu-french/admin/tinymce/jscripts/tiny_mce/plugins/xhtmlxtras/images acronym.gif
2007.07.21 14:19 B C:\Program Files\EasyPHP1-8\www\pontdu\admin\tinymce\jscripts\tiny_mce\plugins\xhtmlxtras\images\cite.gif --> pontducommerce.com /pontdu-french/admin/tinymce/jscripts/tiny_mce/plugins/xhtmlxtras/images cite.gif
2007.07.21 14:19 B C:\Program Files\EasyPHP1-8\www\pontdu\admin\tinymce\jscripts\tiny_mce\plugins\xhtmlxtras\images\date_time.gif --> pontducommerce.com /pontdu-french/admin/tinymce/jscripts/tiny_mce/plugins/xhtmlxtras/images date_time.gif
2007.07.21 14:19 B C:\Program Files\EasyPHP1-8\www\pontdu\admin\tinymce\jscripts\tiny_mce\plugins\xhtmlxtras\images\del.gif --> pontducommerce.com /pontdu-french/admin/tinymce/jscripts/tiny_mce/plugins/xhtmlxtras/images del.gif
2007.07.21 14:19 B C:\Program Files\EasyPHP1-8\www\pontdu\admin\tinymce\jscripts\tiny_mce\plugins\xhtmlxtras\images\ins.gif --> pontducommerce.com /pontdu-french/admin/tinymce/jscripts/tiny_mce/plugins/xhtmlxtras/images ins.gif
2007.07.21 14:19 B C:\Program Files\EasyPHP1-8\www\pontdu\admin\tinymce\jscripts\tiny_mce\plugins\xhtmlxtras\images\remove_button_bg.gif --> pontducommerce.com /pontdu-french/admin/tinymce/jscripts/tiny_mce/plugins/xhtmlxtras/images remove_button_bg.gif
