2006.12.18 11:04 B C:\Program Files\EasyPHP1-8\www\southfraserden\tinymce\jscripts\tiny_mce\themes\simple\images\bold.gif --> www.southfraserden.com /public_html/tinymce/jscripts/tiny_mce/themes/simple/images bold.gif
2006.12.18 11:04 B C:\Program Files\EasyPHP1-8\www\southfraserden\tinymce\jscripts\tiny_mce\themes\simple\images\bold_de_se.gif --> www.southfraserden.com /public_html/tinymce/jscripts/tiny_mce/themes/simple/images bold_de_se.gif
2006.12.18 11:04 B C:\Program Files\EasyPHP1-8\www\southfraserden\tinymce\jscripts\tiny_mce\themes\simple\images\bold_fr.gif --> www.southfraserden.com /public_html/tinymce/jscripts/tiny_mce/themes/simple/images bold_fr.gif
2006.12.18 11:04 B C:\Program Files\EasyPHP1-8\www\southfraserden\tinymce\jscripts\tiny_mce\themes\simple\images\bold_ru.gif --> www.southfraserden.com /public_html/tinymce/jscripts/tiny_mce/themes/simple/images bold_ru.gif
2006.12.18 11:04 B C:\Program Files\EasyPHP1-8\www\southfraserden\tinymce\jscripts\tiny_mce\themes\simple\images\bold_tw.gif --> www.southfraserden.com /public_html/tinymce/jscripts/tiny_mce/themes/simple/images bold_tw.gif
2006.12.18 11:04 B C:\Program Files\EasyPHP1-8\www\southfraserden\tinymce\jscripts\tiny_mce\themes\simple\images\bullist.gif --> www.southfraserden.com /public_html/tinymce/jscripts/tiny_mce/themes/simple/images bullist.gif
2006.12.18 11:04 B C:\Program Files\EasyPHP1-8\www\southfraserden\tinymce\jscripts\tiny_mce\themes\simple\images\buttons.gif --> www.southfraserden.com /public_html/tinymce/jscripts/tiny_mce/themes/simple/images buttons.gif
2006.12.18 11:04 B C:\Program Files\EasyPHP1-8\www\southfraserden\tinymce\jscripts\tiny_mce\themes\simple\images\cleanup.gif --> www.southfraserden.com /public_html/tinymce/jscripts/tiny_mce/themes/simple/images cleanup.gif
2006.12.18 11:04 B C:\Program Files\EasyPHP1-8\www\southfraserden\tinymce\jscripts\tiny_mce\themes\simple\images\italic.gif --> www.southfraserden.com /public_html/tinymce/jscripts/tiny_mce/themes/simple/images italic.gif
2006.12.18 11:04 B C:\Program Files\EasyPHP1-8\www\southfraserden\tinymce\jscripts\tiny_mce\themes\simple\images\italic_de_se.gif --> www.southfraserden.com /public_html/tinymce/jscripts/tiny_mce/themes/simple/images italic_de_se.gif
2006.12.18 11:04 B C:\Program Files\EasyPHP1-8\www\southfraserden\tinymce\jscripts\tiny_mce\themes\simple\images\italic_ru.gif --> www.southfraserden.com /public_html/tinymce/jscripts/tiny_mce/themes/simple/images italic_ru.gif
2006.12.18 11:04 B C:\Program Files\EasyPHP1-8\www\southfraserden\tinymce\jscripts\tiny_mce\themes\simple\images\italic_tw.gif --> www.southfraserden.com /public_html/tinymce/jscripts/tiny_mce/themes/simple/images italic_tw.gif
2006.12.18 11:04 B C:\Program Files\EasyPHP1-8\www\southfraserden\tinymce\jscripts\tiny_mce\themes\simple\images\numlist.gif --> www.southfraserden.com /public_html/tinymce/jscripts/tiny_mce/themes/simple/images numlist.gif
2006.12.18 11:04 B C:\Program Files\EasyPHP1-8\www\southfraserden\tinymce\jscripts\tiny_mce\themes\simple\images\redo.gif --> www.southfraserden.com /public_html/tinymce/jscripts/tiny_mce/themes/simple/images redo.gif
2006.12.18 11:04 B C:\Program Files\EasyPHP1-8\www\southfraserden\tinymce\jscripts\tiny_mce\themes\simple\images\separator.gif --> www.southfraserden.com /public_html/tinymce/jscripts/tiny_mce/themes/simple/images separator.gif
2006.12.18 11:04 B C:\Program Files\EasyPHP1-8\www\southfraserden\tinymce\jscripts\tiny_mce\themes\simple\images\spacer.gif --> www.southfraserden.com /public_html/tinymce/jscripts/tiny_mce/themes/simple/images spacer.gif
2006.12.18 11:04 B C:\Program Files\EasyPHP1-8\www\southfraserden\tinymce\jscripts\tiny_mce\themes\simple\images\strikethrough.gif --> www.southfraserden.com /public_html/tinymce/jscripts/tiny_mce/themes/simple/images strikethrough.gif
2006.12.18 11:04 B C:\Program Files\EasyPHP1-8\www\southfraserden\tinymce\jscripts\tiny_mce\themes\simple\images\underline.gif --> www.southfraserden.com /public_html/tinymce/jscripts/tiny_mce/themes/simple/images underline.gif
2006.12.18 11:04 B C:\Program Files\EasyPHP1-8\www\southfraserden\tinymce\jscripts\tiny_mce\themes\simple\images\underline_fr.gif --> www.southfraserden.com /public_html/tinymce/jscripts/tiny_mce/themes/simple/images underline_fr.gif
2006.12.18 11:04 B C:\Program Files\EasyPHP1-8\www\southfraserden\tinymce\jscripts\tiny_mce\themes\simple\images\underline_ru.gif --> www.southfraserden.com /public_html/tinymce/jscripts/tiny_mce/themes/simple/images underline_ru.gif
2006.12.18 11:04 B C:\Program Files\EasyPHP1-8\www\southfraserden\tinymce\jscripts\tiny_mce\themes\simple\images\underline_tw.gif --> www.southfraserden.com /public_html/tinymce/jscripts/tiny_mce/themes/simple/images underline_tw.gif
2006.12.18 11:04 B C:\Program Files\EasyPHP1-8\www\southfraserden\tinymce\jscripts\tiny_mce\themes\simple\images\undo.gif --> www.southfraserden.com /public_html/tinymce/jscripts/tiny_mce/themes/simple/images undo.gif
2007.01.27 13:48 B C:\Program Files\EasyPHP1-8\www\sleepshop\admin\tinymce\jscripts\tiny_mce\themes\simple\images\bold.gif --> sleepshopbc.com /public_html/demo/admin/tinymce/jscripts/tiny_mce/themes/simple/images bold.gif
2007.01.27 13:48 B C:\Program Files\EasyPHP1-8\www\sleepshop\admin\tinymce\jscripts\tiny_mce\themes\simple\images\bold_de_se.gif --> sleepshopbc.com /public_html/demo/admin/tinymce/jscripts/tiny_mce/themes/simple/images bold_de_se.gif
2007.01.27 13:48 B C:\Program Files\EasyPHP1-8\www\sleepshop\admin\tinymce\jscripts\tiny_mce\themes\simple\images\bold_fr.gif --> sleepshopbc.com /public_html/demo/admin/tinymce/jscripts/tiny_mce/themes/simple/images bold_fr.gif
2007.01.27 13:48 B C:\Program Files\EasyPHP1-8\www\sleepshop\admin\tinymce\jscripts\tiny_mce\themes\simple\images\bold_ru.gif --> sleepshopbc.com /public_html/demo/admin/tinymce/jscripts/tiny_mce/themes/simple/images bold_ru.gif
2007.01.27 13:48 B C:\Program Files\EasyPHP1-8\www\sleepshop\admin\tinymce\jscripts\tiny_mce\themes\simple\images\bold_tw.gif --> sleepshopbc.com /public_html/demo/admin/tinymce/jscripts/tiny_mce/themes/simple/images bold_tw.gif
2007.01.27 13:48 B C:\Program Files\EasyPHP1-8\www\sleepshop\admin\tinymce\jscripts\tiny_mce\themes\simple\images\bullist.gif --> sleepshopbc.com /public_html/demo/admin/tinymce/jscripts/tiny_mce/themes/simple/images bullist.gif
2007.01.27 13:48 B C:\Program Files\EasyPHP1-8\www\sleepshop\admin\tinymce\jscripts\tiny_mce\themes\simple\images\buttons.gif --> sleepshopbc.com /public_html/demo/admin/tinymce/jscripts/tiny_mce/themes/simple/images buttons.gif
2007.01.27 13:48 B C:\Program Files\EasyPHP1-8\www\sleepshop\admin\tinymce\jscripts\tiny_mce\themes\simple\images\cleanup.gif --> sleepshopbc.com /public_html/demo/admin/tinymce/jscripts/tiny_mce/themes/simple/images cleanup.gif
2007.01.27 13:48 B C:\Program Files\EasyPHP1-8\www\sleepshop\admin\tinymce\jscripts\tiny_mce\themes\simple\images\italic.gif --> sleepshopbc.com /public_html/demo/admin/tinymce/jscripts/tiny_mce/themes/simple/images italic.gif
2007.01.27 13:48 B C:\Program Files\EasyPHP1-8\www\sleepshop\admin\tinymce\jscripts\tiny_mce\themes\simple\images\italic_de_se.gif --> sleepshopbc.com /public_html/demo/admin/tinymce/jscripts/tiny_mce/themes/simple/images italic_de_se.gif
2007.01.27 13:48 B C:\Program Files\EasyPHP1-8\www\sleepshop\admin\tinymce\jscripts\tiny_mce\themes\simple\images\italic_ru.gif --> sleepshopbc.com /public_html/demo/admin/tinymce/jscripts/tiny_mce/themes/simple/images italic_ru.gif
2007.01.27 13:48 B C:\Program Files\EasyPHP1-8\www\sleepshop\admin\tinymce\jscripts\tiny_mce\themes\simple\images\italic_tw.gif --> sleepshopbc.com /public_html/demo/admin/tinymce/jscripts/tiny_mce/themes/simple/images italic_tw.gif
2007.01.27 13:48 B C:\Program Files\EasyPHP1-8\www\sleepshop\admin\tinymce\jscripts\tiny_mce\themes\simple\images\numlist.gif --> sleepshopbc.com /public_html/demo/admin/tinymce/jscripts/tiny_mce/themes/simple/images numlist.gif
2007.01.27 13:48 B C:\Program Files\EasyPHP1-8\www\sleepshop\admin\tinymce\jscripts\tiny_mce\themes\simple\images\redo.gif --> sleepshopbc.com /public_html/demo/admin/tinymce/jscripts/tiny_mce/themes/simple/images redo.gif
2007.01.27 13:48 B C:\Program Files\EasyPHP1-8\www\sleepshop\admin\tinymce\jscripts\tiny_mce\themes\simple\images\separator.gif --> sleepshopbc.com /public_html/demo/admin/tinymce/jscripts/tiny_mce/themes/simple/images separator.gif
2007.01.27 13:48 B C:\Program Files\EasyPHP1-8\www\sleepshop\admin\tinymce\jscripts\tiny_mce\themes\simple\images\spacer.gif --> sleepshopbc.com /public_html/demo/admin/tinymce/jscripts/tiny_mce/themes/simple/images spacer.gif
2007.01.27 13:49 B C:\Program Files\EasyPHP1-8\www\sleepshop\admin\tinymce\jscripts\tiny_mce\themes\simple\images\strikethrough.gif --> sleepshopbc.com /public_html/demo/admin/tinymce/jscripts/tiny_mce/themes/simple/images strikethrough.gif
2007.01.27 13:49 B C:\Program Files\EasyPHP1-8\www\sleepshop\admin\tinymce\jscripts\tiny_mce\themes\simple\images\Thumbs.db --> sleepshopbc.com /public_html/demo/admin/tinymce/jscripts/tiny_mce/themes/simple/images Thumbs.db
2007.01.27 13:49 B C:\Program Files\EasyPHP1-8\www\sleepshop\admin\tinymce\jscripts\tiny_mce\themes\simple\images\underline.gif --> sleepshopbc.com /public_html/demo/admin/tinymce/jscripts/tiny_mce/themes/simple/images underline.gif
2007.01.27 13:49 B C:\Program Files\EasyPHP1-8\www\sleepshop\admin\tinymce\jscripts\tiny_mce\themes\simple\images\underline_fr.gif --> sleepshopbc.com /public_html/demo/admin/tinymce/jscripts/tiny_mce/themes/simple/images underline_fr.gif
2007.01.27 13:49 B C:\Program Files\EasyPHP1-8\www\sleepshop\admin\tinymce\jscripts\tiny_mce\themes\simple\images\underline_ru.gif --> sleepshopbc.com /public_html/demo/admin/tinymce/jscripts/tiny_mce/themes/simple/images underline_ru.gif
2007.01.27 13:49 B C:\Program Files\EasyPHP1-8\www\sleepshop\admin\tinymce\jscripts\tiny_mce\themes\simple\images\underline_tw.gif --> sleepshopbc.com /public_html/demo/admin/tinymce/jscripts/tiny_mce/themes/simple/images underline_tw.gif
2007.01.27 13:49 B C:\Program Files\EasyPHP1-8\www\sleepshop\admin\tinymce\jscripts\tiny_mce\themes\simple\images\undo.gif --> sleepshopbc.com /public_html/demo/admin/tinymce/jscripts/tiny_mce/themes/simple/images undo.gif
2007.01.27 13:49 B C:\Program Files\EasyPHP1-8\www\sleepshop\admin\tinymce\jscripts\tiny_mce\themes\simple\images\WS_FTP.LOG --> sleepshopbc.com /public_html/demo/admin/tinymce/jscripts/tiny_mce/themes/simple/images WS_FTP.LOG
2007.07.20 19:11 B C:\Program Files\EasyPHP1-8\www\childsite\admin\tinymce\jscripts\tiny_mce\themes\simple\images\WS_FTP.LOG --> www.yourdemosite.org /public_html/child/admin/tinymce/jscripts/tiny_mce/themes/simple/images WS_FTP.LOG
2007.07.20 19:11 B C:\Program Files\EasyPHP1-8\www\childsite\admin\tinymce\jscripts\tiny_mce\themes\simple\images\Thumbs.db --> www.yourdemosite.org /public_html/child/admin/tinymce/jscripts/tiny_mce/themes/simple/images Thumbs.db
2007.07.20 19:11 B C:\Program Files\EasyPHP1-8\www\childsite\admin\tinymce\jscripts\tiny_mce\themes\simple\images\undo.gif --> www.yourdemosite.org /public_html/child/admin/tinymce/jscripts/tiny_mce/themes/simple/images undo.gif
2007.07.20 19:11 B C:\Program Files\EasyPHP1-8\www\childsite\admin\tinymce\jscripts\tiny_mce\themes\simple\images\underline_tw.gif --> www.yourdemosite.org /public_html/child/admin/tinymce/jscripts/tiny_mce/themes/simple/images underline_tw.gif
2007.07.20 19:11 B C:\Program Files\EasyPHP1-8\www\childsite\admin\tinymce\jscripts\tiny_mce\themes\simple\images\underline_ru.gif --> www.yourdemosite.org /public_html/child/admin/tinymce/jscripts/tiny_mce/themes/simple/images underline_ru.gif
2007.07.20 19:11 B C:\Program Files\EasyPHP1-8\www\childsite\admin\tinymce\jscripts\tiny_mce\themes\simple\images\underline_fr.gif --> www.yourdemosite.org /public_html/child/admin/tinymce/jscripts/tiny_mce/themes/simple/images underline_fr.gif
2007.07.20 19:11 B C:\Program Files\EasyPHP1-8\www\childsite\admin\tinymce\jscripts\tiny_mce\themes\simple\images\underline.gif --> www.yourdemosite.org /public_html/child/admin/tinymce/jscripts/tiny_mce/themes/simple/images underline.gif
2007.07.20 19:11 B C:\Program Files\EasyPHP1-8\www\childsite\admin\tinymce\jscripts\tiny_mce\themes\simple\images\strikethrough.gif --> www.yourdemosite.org /public_html/child/admin/tinymce/jscripts/tiny_mce/themes/simple/images strikethrough.gif
2007.07.20 19:11 B C:\Program Files\EasyPHP1-8\www\childsite\admin\tinymce\jscripts\tiny_mce\themes\simple\images\spacer.gif --> www.yourdemosite.org /public_html/child/admin/tinymce/jscripts/tiny_mce/themes/simple/images spacer.gif
2007.07.20 19:11 B C:\Program Files\EasyPHP1-8\www\childsite\admin\tinymce\jscripts\tiny_mce\themes\simple\images\separator.gif --> www.yourdemosite.org /public_html/child/admin/tinymce/jscripts/tiny_mce/themes/simple/images separator.gif
2007.07.20 19:11 B C:\Program Files\EasyPHP1-8\www\childsite\admin\tinymce\jscripts\tiny_mce\themes\simple\images\redo.gif --> www.yourdemosite.org /public_html/child/admin/tinymce/jscripts/tiny_mce/themes/simple/images redo.gif
2007.07.20 19:11 B C:\Program Files\EasyPHP1-8\www\childsite\admin\tinymce\jscripts\tiny_mce\themes\simple\images\numlist.gif --> www.yourdemosite.org /public_html/child/admin/tinymce/jscripts/tiny_mce/themes/simple/images numlist.gif
2007.07.20 19:11 B C:\Program Files\EasyPHP1-8\www\childsite\admin\tinymce\jscripts\tiny_mce\themes\simple\images\italic_tw.gif --> www.yourdemosite.org /public_html/child/admin/tinymce/jscripts/tiny_mce/themes/simple/images italic_tw.gif
2007.07.20 19:11 B C:\Program Files\EasyPHP1-8\www\childsite\admin\tinymce\jscripts\tiny_mce\themes\simple\images\italic_ru.gif --> www.yourdemosite.org /public_html/child/admin/tinymce/jscripts/tiny_mce/themes/simple/images italic_ru.gif
2007.07.20 19:11 B C:\Program Files\EasyPHP1-8\www\childsite\admin\tinymce\jscripts\tiny_mce\themes\simple\images\italic_de_se.gif --> www.yourdemosite.org /public_html/child/admin/tinymce/jscripts/tiny_mce/themes/simple/images italic_de_se.gif
2007.07.20 19:11 B C:\Program Files\EasyPHP1-8\www\childsite\admin\tinymce\jscripts\tiny_mce\themes\simple\images\italic.gif --> www.yourdemosite.org /public_html/child/admin/tinymce/jscripts/tiny_mce/themes/simple/images italic.gif
2007.07.20 19:11 B C:\Program Files\EasyPHP1-8\www\childsite\admin\tinymce\jscripts\tiny_mce\themes\simple\images\cleanup.gif --> www.yourdemosite.org /public_html/child/admin/tinymce/jscripts/tiny_mce/themes/simple/images cleanup.gif
2007.07.20 19:11 B C:\Program Files\EasyPHP1-8\www\childsite\admin\tinymce\jscripts\tiny_mce\themes\simple\images\buttons.gif --> www.yourdemosite.org /public_html/child/admin/tinymce/jscripts/tiny_mce/themes/simple/images buttons.gif
2007.07.20 19:11 B C:\Program Files\EasyPHP1-8\www\childsite\admin\tinymce\jscripts\tiny_mce\themes\simple\images\bullist.gif --> www.yourdemosite.org /public_html/child/admin/tinymce/jscripts/tiny_mce/themes/simple/images bullist.gif
2007.07.20 19:11 B C:\Program Files\EasyPHP1-8\www\childsite\admin\tinymce\jscripts\tiny_mce\themes\simple\images\bold_tw.gif --> www.yourdemosite.org /public_html/child/admin/tinymce/jscripts/tiny_mce/themes/simple/images bold_tw.gif
2007.07.20 19:11 B C:\Program Files\EasyPHP1-8\www\childsite\admin\tinymce\jscripts\tiny_mce\themes\simple\images\bold_ru.gif --> www.yourdemosite.org /public_html/child/admin/tinymce/jscripts/tiny_mce/themes/simple/images bold_ru.gif
2007.07.20 19:11 B C:\Program Files\EasyPHP1-8\www\childsite\admin\tinymce\jscripts\tiny_mce\themes\simple\images\bold_fr.gif --> www.yourdemosite.org /public_html/child/admin/tinymce/jscripts/tiny_mce/themes/simple/images bold_fr.gif
2007.07.20 19:12 B C:\Program Files\EasyPHP1-8\www\childsite\admin\tinymce\jscripts\tiny_mce\themes\simple\images\bold_de_se.gif --> www.yourdemosite.org /public_html/child/admin/tinymce/jscripts/tiny_mce/themes/simple/images bold_de_se.gif
2007.07.20 19:12 B C:\Program Files\EasyPHP1-8\www\childsite\admin\tinymce\jscripts\tiny_mce\themes\simple\images\bold.gif --> www.yourdemosite.org /public_html/child/admin/tinymce/jscripts/tiny_mce/themes/simple/images bold.gif
2007.07.21 11:45 B C:\Program Files\EasyPHP1-8\www\childsite\admin\tinymce\jscripts\tiny_mce\themes\simple\images\WS_FTP.LOG --> 69.64.32.73 /httpdocs/test/admin/tinymce/jscripts/tiny_mce/themes/simple/images WS_FTP.LOG
2007.07.21 12:40 B C:\Program Files\EasyPHP1-8\www\pontdu\admin\tinymce\jscripts\tiny_mce\themes\simple\images\WS_FTP.LOG --> yourdemosite.org /www/pontdu/admin/tinymce/jscripts/tiny_mce/themes/simple/images WS_FTP.LOG
2007.07.21 12:40 B C:\Program Files\EasyPHP1-8\www\pontdu\admin\tinymce\jscripts\tiny_mce\themes\simple\images\Thumbs.db --> yourdemosite.org /www/pontdu/admin/tinymce/jscripts/tiny_mce/themes/simple/images Thumbs.db
2007.07.21 13:24 B C:\Program Files\EasyPHP1-8\www\pontdu\admin\tinymce\jscripts\tiny_mce\themes\simple\images\WS_FTP.LOG --> pontducommerce.com /admin/tinymce/jscripts/tiny_mce/themes/simple/images WS_FTP.LOG
2007.07.21 13:24 B C:\Program Files\EasyPHP1-8\www\pontdu\admin\tinymce\jscripts\tiny_mce\themes\simple\images\Thumbs.db --> pontducommerce.com /admin/tinymce/jscripts/tiny_mce/themes/simple/images Thumbs.db
2007.07.21 14:25 B C:\Program Files\EasyPHP1-8\www\pontdu\admin\tinymce\jscripts\tiny_mce\themes\simple\images\bold.gif --> pontducommerce.com /pontdu-french/admin/tinymce/jscripts/tiny_mce/themes/simple/images bold.gif
2007.07.21 14:25 B C:\Program Files\EasyPHP1-8\www\pontdu\admin\tinymce\jscripts\tiny_mce\themes\simple\images\bold_de_se.gif --> pontducommerce.com /pontdu-french/admin/tinymce/jscripts/tiny_mce/themes/simple/images bold_de_se.gif
2007.07.21 14:25 B C:\Program Files\EasyPHP1-8\www\pontdu\admin\tinymce\jscripts\tiny_mce\themes\simple\images\bold_fr.gif --> pontducommerce.com /pontdu-french/admin/tinymce/jscripts/tiny_mce/themes/simple/images bold_fr.gif
2007.07.21 14:25 B C:\Program Files\EasyPHP1-8\www\pontdu\admin\tinymce\jscripts\tiny_mce\themes\simple\images\bold_ru.gif --> pontducommerce.com /pontdu-french/admin/tinymce/jscripts/tiny_mce/themes/simple/images bold_ru.gif
2007.07.21 14:25 B C:\Program Files\EasyPHP1-8\www\pontdu\admin\tinymce\jscripts\tiny_mce\themes\simple\images\bold_tw.gif --> pontducommerce.com /pontdu-french/admin/tinymce/jscripts/tiny_mce/themes/simple/images bold_tw.gif
2007.07.21 14:25 B C:\Program Files\EasyPHP1-8\www\pontdu\admin\tinymce\jscripts\tiny_mce\themes\simple\images\bullist.gif --> pontducommerce.com /pontdu-french/admin/tinymce/jscripts/tiny_mce/themes/simple/images bullist.gif
2007.07.21 14:25 B C:\Program Files\EasyPHP1-8\www\pontdu\admin\tinymce\jscripts\tiny_mce\themes\simple\images\buttons.gif --> pontducommerce.com /pontdu-french/admin/tinymce/jscripts/tiny_mce/themes/simple/images buttons.gif
2007.07.21 14:25 B C:\Program Files\EasyPHP1-8\www\pontdu\admin\tinymce\jscripts\tiny_mce\themes\simple\images\cleanup.gif --> pontducommerce.com /pontdu-french/admin/tinymce/jscripts/tiny_mce/themes/simple/images cleanup.gif
2007.07.21 14:25 B C:\Program Files\EasyPHP1-8\www\pontdu\admin\tinymce\jscripts\tiny_mce\themes\simple\images\italic.gif --> pontducommerce.com /pontdu-french/admin/tinymce/jscripts/tiny_mce/themes/simple/images italic.gif
2007.07.21 14:25 B C:\Program Files\EasyPHP1-8\www\pontdu\admin\tinymce\jscripts\tiny_mce\themes\simple\images\italic_de_se.gif --> pontducommerce.com /pontdu-french/admin/tinymce/jscripts/tiny_mce/themes/simple/images italic_de_se.gif
2007.07.21 14:25 B C:\Program Files\EasyPHP1-8\www\pontdu\admin\tinymce\jscripts\tiny_mce\themes\simple\images\italic_ru.gif --> pontducommerce.com /pontdu-french/admin/tinymce/jscripts/tiny_mce/themes/simple/images italic_ru.gif
2007.07.21 14:25 B C:\Program Files\EasyPHP1-8\www\pontdu\admin\tinymce\jscripts\tiny_mce\themes\simple\images\italic_tw.gif --> pontducommerce.com /pontdu-french/admin/tinymce/jscripts/tiny_mce/themes/simple/images italic_tw.gif
2007.07.21 14:25 B C:\Program Files\EasyPHP1-8\www\pontdu\admin\tinymce\jscripts\tiny_mce\themes\simple\images\numlist.gif --> pontducommerce.com /pontdu-french/admin/tinymce/jscripts/tiny_mce/themes/simple/images numlist.gif
2007.07.21 14:25 B C:\Program Files\EasyPHP1-8\www\pontdu\admin\tinymce\jscripts\tiny_mce\themes\simple\images\redo.gif --> pontducommerce.com /pontdu-french/admin/tinymce/jscripts/tiny_mce/themes/simple/images redo.gif
2007.07.21 14:26 B C:\Program Files\EasyPHP1-8\www\pontdu\admin\tinymce\jscripts\tiny_mce\themes\simple\images\separator.gif --> pontducommerce.com /pontdu-french/admin/tinymce/jscripts/tiny_mce/themes/simple/images separator.gif
2007.07.21 14:26 B C:\Program Files\EasyPHP1-8\www\pontdu\admin\tinymce\jscripts\tiny_mce\themes\simple\images\spacer.gif --> pontducommerce.com /pontdu-french/admin/tinymce/jscripts/tiny_mce/themes/simple/images spacer.gif
2007.07.21 14:26 B C:\Program Files\EasyPHP1-8\www\pontdu\admin\tinymce\jscripts\tiny_mce\themes\simple\images\strikethrough.gif --> pontducommerce.com /pontdu-french/admin/tinymce/jscripts/tiny_mce/themes/simple/images strikethrough.gif
2007.07.21 14:26 B C:\Program Files\EasyPHP1-8\www\pontdu\admin\tinymce\jscripts\tiny_mce\themes\simple\images\Thumbs.db --> pontducommerce.com /pontdu-french/admin/tinymce/jscripts/tiny_mce/themes/simple/images Thumbs.db
2007.07.21 14:26 B C:\Program Files\EasyPHP1-8\www\pontdu\admin\tinymce\jscripts\tiny_mce\themes\simple\images\underline.gif --> pontducommerce.com /pontdu-french/admin/tinymce/jscripts/tiny_mce/themes/simple/images underline.gif
2007.07.21 14:26 B C:\Program Files\EasyPHP1-8\www\pontdu\admin\tinymce\jscripts\tiny_mce\themes\simple\images\underline_fr.gif --> pontducommerce.com /pontdu-french/admin/tinymce/jscripts/tiny_mce/themes/simple/images underline_fr.gif
2007.07.21 14:26 B C:\Program Files\EasyPHP1-8\www\pontdu\admin\tinymce\jscripts\tiny_mce\themes\simple\images\underline_ru.gif --> pontducommerce.com /pontdu-french/admin/tinymce/jscripts/tiny_mce/themes/simple/images underline_ru.gif
2007.07.21 14:26 B C:\Program Files\EasyPHP1-8\www\pontdu\admin\tinymce\jscripts\tiny_mce\themes\simple\images\underline_tw.gif --> pontducommerce.com /pontdu-french/admin/tinymce/jscripts/tiny_mce/themes/simple/images underline_tw.gif
2007.07.21 14:26 B C:\Program Files\EasyPHP1-8\www\pontdu\admin\tinymce\jscripts\tiny_mce\themes\simple\images\undo.gif --> pontducommerce.com /pontdu-french/admin/tinymce/jscripts/tiny_mce/themes/simple/images undo.gif
2007.07.21 14:26 B C:\Program Files\EasyPHP1-8\www\pontdu\admin\tinymce\jscripts\tiny_mce\themes\simple\images\WS_FTP.LOG --> pontducommerce.com /pontdu-french/admin/tinymce/jscripts/tiny_mce/themes/simple/images WS_FTP.LOG
2007.07.21 14:29 B C:\Program Files\EasyPHP1-8\www\pontdu\admin\tinymce\jscripts\tiny_mce\themes\simple\images\WS_FTP.LOG --> pontducommerce.com /pontdu-french/admin/tinymce/jscripts/tiny_mce/themes/simple/images WS_FTP.LOG
