2006.12.18 11:00 B C:\Program Files\EasyPHP1-8\www\southfraserden\tinymce\jscripts\tiny_mce\themes\advanced\docs\en\about.htm --> www.southfraserden.com /public_html/tinymce/jscripts/tiny_mce/themes/advanced/docs/en about.htm
2006.12.18 11:00 B C:\Program Files\EasyPHP1-8\www\southfraserden\tinymce\jscripts\tiny_mce\themes\advanced\docs\en\common_buttons.htm --> www.southfraserden.com /public_html/tinymce/jscripts/tiny_mce/themes/advanced/docs/en common_buttons.htm
2006.12.18 11:00 B C:\Program Files\EasyPHP1-8\www\southfraserden\tinymce\jscripts\tiny_mce\themes\advanced\docs\en\create_accessible_content.htm --> www.southfraserden.com /public_html/tinymce/jscripts/tiny_mce/themes/advanced/docs/en create_accessible_content.htm
2006.12.18 11:00 B C:\Program Files\EasyPHP1-8\www\southfraserden\tinymce\jscripts\tiny_mce\themes\advanced\docs\en\index.htm --> www.southfraserden.com /public_html/tinymce/jscripts/tiny_mce/themes/advanced/docs/en index.htm
2006.12.18 11:00 B C:\Program Files\EasyPHP1-8\www\southfraserden\tinymce\jscripts\tiny_mce\themes\advanced\docs\en\insert_anchor_button.htm --> www.southfraserden.com /public_html/tinymce/jscripts/tiny_mce/themes/advanced/docs/en insert_anchor_button.htm
2006.12.18 11:00 B C:\Program Files\EasyPHP1-8\www\southfraserden\tinymce\jscripts\tiny_mce\themes\advanced\docs\en\insert_image_button.htm --> www.southfraserden.com /public_html/tinymce/jscripts/tiny_mce/themes/advanced/docs/en insert_image_button.htm
2006.12.18 11:00 B C:\Program Files\EasyPHP1-8\www\southfraserden\tinymce\jscripts\tiny_mce\themes\advanced\docs\en\insert_link_button.htm --> www.southfraserden.com /public_html/tinymce/jscripts/tiny_mce/themes/advanced/docs/en insert_link_button.htm
2006.12.18 11:00 B C:\Program Files\EasyPHP1-8\www\southfraserden\tinymce\jscripts\tiny_mce\themes\advanced\docs\en\insert_table_button.htm --> www.southfraserden.com /public_html/tinymce/jscripts/tiny_mce/themes/advanced/docs/en insert_table_button.htm
2006.12.18 11:00 B C:\Program Files\EasyPHP1-8\www\southfraserden\tinymce\jscripts\tiny_mce\themes\advanced\docs\en\style.css --> www.southfraserden.com /public_html/tinymce/jscripts/tiny_mce/themes/advanced/docs/en style.css
2007.07.20 19:15 B C:\Program Files\EasyPHP1-8\www\childsite\admin\tinymce\jscripts\tiny_mce\themes\advanced\docs\en\WS_FTP.LOG --> www.yourdemosite.org /public_html/child/admin/tinymce/jscripts/tiny_mce/themes/advanced/docs/en WS_FTP.LOG
2007.07.20 19:15 B C:\Program Files\EasyPHP1-8\www\childsite\admin\tinymce\jscripts\tiny_mce\themes\advanced\docs\en\style.css --> www.yourdemosite.org /public_html/child/admin/tinymce/jscripts/tiny_mce/themes/advanced/docs/en style.css
2007.07.20 19:15 B C:\Program Files\EasyPHP1-8\www\childsite\admin\tinymce\jscripts\tiny_mce\themes\advanced\docs\en\insert_table_button.htm --> www.yourdemosite.org /public_html/child/admin/tinymce/jscripts/tiny_mce/themes/advanced/docs/en insert_table_button.htm
2007.07.20 19:15 B C:\Program Files\EasyPHP1-8\www\childsite\admin\tinymce\jscripts\tiny_mce\themes\advanced\docs\en\insert_link_button.htm --> www.yourdemosite.org /public_html/child/admin/tinymce/jscripts/tiny_mce/themes/advanced/docs/en insert_link_button.htm
2007.07.20 19:15 B C:\Program Files\EasyPHP1-8\www\childsite\admin\tinymce\jscripts\tiny_mce\themes\advanced\docs\en\insert_image_button.htm --> www.yourdemosite.org /public_html/child/admin/tinymce/jscripts/tiny_mce/themes/advanced/docs/en insert_image_button.htm
2007.07.20 19:16 B C:\Program Files\EasyPHP1-8\www\childsite\admin\tinymce\jscripts\tiny_mce\themes\advanced\docs\en\insert_anchor_button.htm --> www.yourdemosite.org /public_html/child/admin/tinymce/jscripts/tiny_mce/themes/advanced/docs/en insert_anchor_button.htm
2007.07.20 19:16 B C:\Program Files\EasyPHP1-8\www\childsite\admin\tinymce\jscripts\tiny_mce\themes\advanced\docs\en\index.htm --> www.yourdemosite.org /public_html/child/admin/tinymce/jscripts/tiny_mce/themes/advanced/docs/en index.htm
2007.07.20 19:16 B C:\Program Files\EasyPHP1-8\www\childsite\admin\tinymce\jscripts\tiny_mce\themes\advanced\docs\en\create_accessible_content.htm --> www.yourdemosite.org /public_html/child/admin/tinymce/jscripts/tiny_mce/themes/advanced/docs/en create_accessible_content.htm
2007.07.20 19:16 B C:\Program Files\EasyPHP1-8\www\childsite\admin\tinymce\jscripts\tiny_mce\themes\advanced\docs\en\common_buttons.htm --> www.yourdemosite.org /public_html/child/admin/tinymce/jscripts/tiny_mce/themes/advanced/docs/en common_buttons.htm
2007.07.20 19:16 B C:\Program Files\EasyPHP1-8\www\childsite\admin\tinymce\jscripts\tiny_mce\themes\advanced\docs\en\about.htm --> www.yourdemosite.org /public_html/child/admin/tinymce/jscripts/tiny_mce/themes/advanced/docs/en about.htm
2007.07.21 11:46 B C:\Program Files\EasyPHP1-8\www\childsite\admin\tinymce\jscripts\tiny_mce\themes\advanced\docs\en\WS_FTP.LOG --> 69.64.32.73 /httpdocs/test/admin/tinymce/jscripts/tiny_mce/themes/advanced/docs/en WS_FTP.LOG
2007.07.21 12:42 B C:\Program Files\EasyPHP1-8\www\pontdu\admin\tinymce\jscripts\tiny_mce\themes\advanced\docs\en\WS_FTP.LOG --> yourdemosite.org /www/pontdu/admin/tinymce/jscripts/tiny_mce/themes/advanced/docs/en WS_FTP.LOG
2007.07.21 13:25 B C:\Program Files\EasyPHP1-8\www\pontdu\admin\tinymce\jscripts\tiny_mce\themes\advanced\docs\en\WS_FTP.LOG --> pontducommerce.com /admin/tinymce/jscripts/tiny_mce/themes/advanced/docs/en WS_FTP.LOG
2007.07.21 14:22 B C:\Program Files\EasyPHP1-8\www\pontdu\admin\tinymce\jscripts\tiny_mce\themes\advanced\docs\en\about.htm --> pontducommerce.com /pontdu-french/admin/tinymce/jscripts/tiny_mce/themes/advanced/docs/en about.htm
2007.07.21 14:22 B C:\Program Files\EasyPHP1-8\www\pontdu\admin\tinymce\jscripts\tiny_mce\themes\advanced\docs\en\common_buttons.htm --> pontducommerce.com /pontdu-french/admin/tinymce/jscripts/tiny_mce/themes/advanced/docs/en common_buttons.htm
2007.07.21 14:22 B C:\Program Files\EasyPHP1-8\www\pontdu\admin\tinymce\jscripts\tiny_mce\themes\advanced\docs\en\create_accessible_content.htm --> pontducommerce.com /pontdu-french/admin/tinymce/jscripts/tiny_mce/themes/advanced/docs/en create_accessible_content.htm
2007.07.21 14:22 B C:\Program Files\EasyPHP1-8\www\pontdu\admin\tinymce\jscripts\tiny_mce\themes\advanced\docs\en\index.htm --> pontducommerce.com /pontdu-french/admin/tinymce/jscripts/tiny_mce/themes/advanced/docs/en index.htm
2007.07.21 14:22 B C:\Program Files\EasyPHP1-8\www\pontdu\admin\tinymce\jscripts\tiny_mce\themes\advanced\docs\en\insert_anchor_button.htm --> pontducommerce.com /pontdu-french/admin/tinymce/jscripts/tiny_mce/themes/advanced/docs/en insert_anchor_button.htm
2007.07.21 14:22 B C:\Program Files\EasyPHP1-8\www\pontdu\admin\tinymce\jscripts\tiny_mce\themes\advanced\docs\en\insert_image_button.htm --> pontducommerce.com /pontdu-french/admin/tinymce/jscripts/tiny_mce/themes/advanced/docs/en insert_image_button.htm
2007.07.21 14:22 B C:\Program Files\EasyPHP1-8\www\pontdu\admin\tinymce\jscripts\tiny_mce\themes\advanced\docs\en\insert_link_button.htm --> pontducommerce.com /pontdu-french/admin/tinymce/jscripts/tiny_mce/themes/advanced/docs/en insert_link_button.htm
2007.07.21 14:22 B C:\Program Files\EasyPHP1-8\www\pontdu\admin\tinymce\jscripts\tiny_mce\themes\advanced\docs\en\insert_table_button.htm --> pontducommerce.com /pontdu-french/admin/tinymce/jscripts/tiny_mce/themes/advanced/docs/en insert_table_button.htm
2007.07.21 14:22 B C:\Program Files\EasyPHP1-8\www\pontdu\admin\tinymce\jscripts\tiny_mce\themes\advanced\docs\en\style.css --> pontducommerce.com /pontdu-french/admin/tinymce/jscripts/tiny_mce/themes/advanced/docs/en style.css
2007.07.21 14:22 B C:\Program Files\EasyPHP1-8\www\pontdu\admin\tinymce\jscripts\tiny_mce\themes\advanced\docs\en\WS_FTP.LOG --> pontducommerce.com /pontdu-french/admin/tinymce/jscripts/tiny_mce/themes/advanced/docs/en WS_FTP.LOG
2007.07.21 14:28 B C:\Program Files\EasyPHP1-8\www\pontdu\admin\tinymce\jscripts\tiny_mce\themes\advanced\docs\en\WS_FTP.LOG --> pontducommerce.com /pontdu-french/admin/tinymce/jscripts/tiny_mce/themes/advanced/docs/en WS_FTP.LOG
