2006.12.18 10:59 B C:\Program Files\EasyPHP1-8\www\southfraserden\tinymce\jscripts\tiny_mce\plugins\xhtmlxtras\abbr.htm --> www.southfraserden.com /public_html/tinymce/jscripts/tiny_mce/plugins/xhtmlxtras abbr.htm
2006.12.18 10:59 B C:\Program Files\EasyPHP1-8\www\southfraserden\tinymce\jscripts\tiny_mce\plugins\xhtmlxtras\acronym.htm --> www.southfraserden.com /public_html/tinymce/jscripts/tiny_mce/plugins/xhtmlxtras acronym.htm
2006.12.18 10:59 B C:\Program Files\EasyPHP1-8\www\southfraserden\tinymce\jscripts\tiny_mce\plugins\xhtmlxtras\cite.htm --> www.southfraserden.com /public_html/tinymce/jscripts/tiny_mce/plugins/xhtmlxtras cite.htm
2006.12.18 10:59 B C:\Program Files\EasyPHP1-8\www\southfraserden\tinymce\jscripts\tiny_mce\plugins\xhtmlxtras\del.htm --> www.southfraserden.com /public_html/tinymce/jscripts/tiny_mce/plugins/xhtmlxtras del.htm
2006.12.18 10:59 B C:\Program Files\EasyPHP1-8\www\southfraserden\tinymce\jscripts\tiny_mce\plugins\xhtmlxtras\editor_plugin.js --> www.southfraserden.com /public_html/tinymce/jscripts/tiny_mce/plugins/xhtmlxtras editor_plugin.js
2006.12.18 10:59 B C:\Program Files\EasyPHP1-8\www\southfraserden\tinymce\jscripts\tiny_mce\plugins\xhtmlxtras\editor_plugin_src.js --> www.southfraserden.com /public_html/tinymce/jscripts/tiny_mce/plugins/xhtmlxtras editor_plugin_src.js
2006.12.18 10:59 B C:\Program Files\EasyPHP1-8\www\southfraserden\tinymce\jscripts\tiny_mce\plugins\xhtmlxtras\ins.htm --> www.southfraserden.com /public_html/tinymce/jscripts/tiny_mce/plugins/xhtmlxtras ins.htm
2007.07.20 19:18 B C:\Program Files\EasyPHP1-8\www\childsite\admin\tinymce\jscripts\tiny_mce\plugins\xhtmlxtras\WS_FTP.LOG --> www.yourdemosite.org /public_html/child/admin/tinymce/jscripts/tiny_mce/plugins/xhtmlxtras WS_FTP.LOG
2007.07.20 19:18 B C:\Program Files\EasyPHP1-8\www\childsite\admin\tinymce\jscripts\tiny_mce\plugins\xhtmlxtras\editor_plugin_src.js --> www.yourdemosite.org /public_html/child/admin/tinymce/jscripts/tiny_mce/plugins/xhtmlxtras editor_plugin_src.js
2007.07.20 19:18 B C:\Program Files\EasyPHP1-8\www\childsite\admin\tinymce\jscripts\tiny_mce\plugins\xhtmlxtras\editor_plugin.js --> www.yourdemosite.org /public_html/child/admin/tinymce/jscripts/tiny_mce/plugins/xhtmlxtras editor_plugin.js
2007.07.20 19:18 B C:\Program Files\EasyPHP1-8\www\childsite\admin\tinymce\jscripts\tiny_mce\plugins\xhtmlxtras\ins.htm --> www.yourdemosite.org /public_html/child/admin/tinymce/jscripts/tiny_mce/plugins/xhtmlxtras ins.htm
2007.07.20 19:18 B C:\Program Files\EasyPHP1-8\www\childsite\admin\tinymce\jscripts\tiny_mce\plugins\xhtmlxtras\del.htm --> www.yourdemosite.org /public_html/child/admin/tinymce/jscripts/tiny_mce/plugins/xhtmlxtras del.htm
2007.07.20 19:18 B C:\Program Files\EasyPHP1-8\www\childsite\admin\tinymce\jscripts\tiny_mce\plugins\xhtmlxtras\cite.htm --> www.yourdemosite.org /public_html/child/admin/tinymce/jscripts/tiny_mce/plugins/xhtmlxtras cite.htm
2007.07.20 19:18 B C:\Program Files\EasyPHP1-8\www\childsite\admin\tinymce\jscripts\tiny_mce\plugins\xhtmlxtras\acronym.htm --> www.yourdemosite.org /public_html/child/admin/tinymce/jscripts/tiny_mce/plugins/xhtmlxtras acronym.htm
2007.07.20 19:18 B C:\Program Files\EasyPHP1-8\www\childsite\admin\tinymce\jscripts\tiny_mce\plugins\xhtmlxtras\abbr.htm --> www.yourdemosite.org /public_html/child/admin/tinymce/jscripts/tiny_mce/plugins/xhtmlxtras abbr.htm
2007.07.21 11:47 B C:\Program Files\EasyPHP1-8\www\childsite\admin\tinymce\jscripts\tiny_mce\plugins\xhtmlxtras\WS_FTP.LOG --> 69.64.32.73 /httpdocs/test/admin/tinymce/jscripts/tiny_mce/plugins/xhtmlxtras WS_FTP.LOG
2007.07.21 12:43 B C:\Program Files\EasyPHP1-8\www\pontdu\admin\tinymce\jscripts\tiny_mce\plugins\xhtmlxtras\WS_FTP.LOG --> yourdemosite.org /www/pontdu/admin/tinymce/jscripts/tiny_mce/plugins/xhtmlxtras WS_FTP.LOG
2007.07.21 13:27 B C:\Program Files\EasyPHP1-8\www\pontdu\admin\tinymce\jscripts\tiny_mce\plugins\xhtmlxtras\WS_FTP.LOG --> pontducommerce.com /admin/tinymce/jscripts/tiny_mce/plugins/xhtmlxtras WS_FTP.LOG
2007.07.21 14:20 B C:\Program Files\EasyPHP1-8\www\pontdu\admin\tinymce\jscripts\tiny_mce\plugins\xhtmlxtras\abbr.htm --> pontducommerce.com /pontdu-french/admin/tinymce/jscripts/tiny_mce/plugins/xhtmlxtras abbr.htm
2007.07.21 14:20 B C:\Program Files\EasyPHP1-8\www\pontdu\admin\tinymce\jscripts\tiny_mce\plugins\xhtmlxtras\acronym.htm --> pontducommerce.com /pontdu-french/admin/tinymce/jscripts/tiny_mce/plugins/xhtmlxtras acronym.htm
2007.07.21 14:20 B C:\Program Files\EasyPHP1-8\www\pontdu\admin\tinymce\jscripts\tiny_mce\plugins\xhtmlxtras\cite.htm --> pontducommerce.com /pontdu-french/admin/tinymce/jscripts/tiny_mce/plugins/xhtmlxtras cite.htm
2007.07.21 14:20 B C:\Program Files\EasyPHP1-8\www\pontdu\admin\tinymce\jscripts\tiny_mce\plugins\xhtmlxtras\del.htm --> pontducommerce.com /pontdu-french/admin/tinymce/jscripts/tiny_mce/plugins/xhtmlxtras del.htm
2007.07.21 14:20 B C:\Program Files\EasyPHP1-8\www\pontdu\admin\tinymce\jscripts\tiny_mce\plugins\xhtmlxtras\editor_plugin.js --> pontducommerce.com /pontdu-french/admin/tinymce/jscripts/tiny_mce/plugins/xhtmlxtras editor_plugin.js
2007.07.21 14:20 B C:\Program Files\EasyPHP1-8\www\pontdu\admin\tinymce\jscripts\tiny_mce\plugins\xhtmlxtras\editor_plugin_src.js --> pontducommerce.com /pontdu-french/admin/tinymce/jscripts/tiny_mce/plugins/xhtmlxtras editor_plugin_src.js
2007.07.21 14:20 B C:\Program Files\EasyPHP1-8\www\pontdu\admin\tinymce\jscripts\tiny_mce\plugins\xhtmlxtras\ins.htm --> pontducommerce.com /pontdu-french/admin/tinymce/jscripts/tiny_mce/plugins/xhtmlxtras ins.htm
